0 verbose cli C:\Program Files\nodejs\node.exe C:\Users\andro\AppData\Roaming\npm\node_modules\npm\bin\npm-cli.js
1 info using npm@10.7.0
2 info using node@v20.12.2
3 silly config:load:file:C:\Users\andro\AppData\Roaming\npm\node_modules\npm\npmrc
4 silly config:load:file:C:\Users\andro\.npmrc
5 silly config:load:file:C:\Users\andro\AppData\Roaming\npm\etc\npmrc
6 verbose title npm init
7 verbose argv "init"
8 verbose logfile logs-max:10 dir:C:\Users\andro\Documents\BACKEND_NODEJS\npm-cache\_logs\2024-06-04T03_56_25_863Z-
9 verbose logfile C:\Users\andro\Documents\BACKEND_NODEJS\npm-cache\_logs\2024-06-04T03_56_25_863Z-debug-0.log
10 silly logfile done cleaning log files
11 http fetch GET 200 https://registry.npmjs.org/npm 983ms
12 silly package data {
12 silly package data   name: 'backend_nodejs',
12 silly package data   version: '1.0.0',
12 silly package data   main: 'app.js',
12 silly package data   scripts: { test: 'echo "Error: no test specified" && exit 1' },
12 silly package data   author: '',
12 silly package data   license: 'ISC',
12 silly package data   description: ''
12 silly package data }
13 notice
13 notice New [33mminor[39m version of npm available! [33m10.7.0[39m -> [34m10.8.1[39m
13 notice Changelog: [34mhttps://github.com/npm/cli/releases/tag/v10.8.1[39m
13 notice To update run: [4mnpm install -g npm@10.8.1[24m
13 notice  { force: true, [Symbol(proc-log.meta)]: true }
14 verbose exit 0
15 info ok
