0 verbose cli C:\Program Files\nodejs\node.exe C:\Users\andro\AppData\Roaming\npm\node_modules\npm\bin\npm-cli.js
1 info using npm@10.7.0
2 info using node@v20.12.2
3 silly config:load:file:C:\Users\andro\AppData\Roaming\npm\node_modules\npm\npmrc
4 silly config:load:file:C:\Users\andro\Documents\BACKEND_NODEJS\.npmrc
5 silly config:load:file:C:\Users\andro\.npmrc
6 silly config:load:file:C:\Users\andro\AppData\Roaming\npm\etc\npmrc
7 verbose title npm i express
8 verbose argv "i" "express"
9 verbose logfile logs-max:10 dir:C:\Users\andro\Documents\BACKEND_NODEJS\npm-cache\_logs\2024-06-04T03_56_41_183Z-
10 verbose logfile C:\Users\andro\Documents\BACKEND_NODEJS\npm-cache\_logs\2024-06-04T03_56_41_183Z-debug-0.log
11 silly logfile done cleaning log files
12 silly idealTree buildDeps
13 silly fetch manifest express@*
14 http fetch GET 200 https://registry.npmjs.org/express 2339ms (cache miss)
15 silly placeDep ROOT express@4.19.2 OK for: backend_nodejs@1.0.0 want: *
16 silly fetch manifest qs@6.11.0
17 silly fetch manifest depd@2.0.0
18 silly fetch manifest etag@~1.8.1
19 silly fetch manifest send@0.18.0
20 silly fetch manifest vary@~1.1.2
21 silly fetch manifest debug@2.6.9
22 silly fetch manifest fresh@0.5.2
23 silly fetch manifest cookie@0.6.0
24 silly fetch manifest accepts@~1.3.8
25 silly fetch manifest methods@~1.1.2
26 silly fetch manifest type-is@~1.6.18
27 silly fetch manifest parseurl@~1.3.3
28 silly fetch manifest statuses@2.0.1
29 silly fetch manifest encodeurl@~1.0.2
30 silly fetch manifest proxy-addr@~2.0.7
31 http fetch GET 200 https://registry.npmjs.org/qs 206ms (cache miss)
32 silly fetch manifest body-parser@1.20.2
33 http fetch GET 200 https://registry.npmjs.org/body-parser 211ms (cache miss)
34 silly fetch manifest escape-html@~1.0.3
35 http fetch GET 200 https://registry.npmjs.org/depd 470ms (cache miss)
36 silly fetch manifest http-errors@2.0.0
37 http fetch GET 200 https://registry.npmjs.org/send 493ms (cache miss)
38 silly fetch manifest on-finished@2.4.1
39 http fetch GET 200 https://registry.npmjs.org/escape-html 140ms (cache miss)
40 silly fetch manifest safe-buffer@5.2.1
41 http fetch GET 200 https://registry.npmjs.org/vary 588ms (cache miss)
42 silly fetch manifest utils-merge@1.0.1
43 http fetch GET 200 https://registry.npmjs.org/cookie 618ms (cache miss)
44 silly fetch manifest content-type@~1.0.4
45 http fetch GET 200 https://registry.npmjs.org/on-finished 156ms (cache miss)
46 silly fetch manifest finalhandler@1.2.0
47 http fetch GET 200 https://registry.npmjs.org/methods 656ms (cache miss)
48 silly fetch manifest range-parser@~1.2.1
49 http fetch GET 200 https://registry.npmjs.org/etag 673ms (cache miss)
50 silly fetch manifest serve-static@1.15.0
51 http fetch GET 200 https://registry.npmjs.org/encodeurl 697ms (cache miss)
52 silly fetch manifest array-flatten@1.1.1
53 http fetch GET 200 https://registry.npmjs.org/statuses 716ms (cache miss)
54 silly fetch manifest path-to-regexp@0.1.7
55 http fetch GET 200 https://registry.npmjs.org/http-errors 269ms (cache miss)
56 silly fetch manifest setprototypeof@1.2.0
57 http fetch GET 200 https://registry.npmjs.org/accepts 737ms (cache miss)
58 silly fetch manifest cookie-signature@1.0.6
59 http fetch GET 200 https://registry.npmjs.org/debug 745ms (cache miss)
60 silly fetch manifest merge-descriptors@1.0.1
61 http fetch GET 200 https://registry.npmjs.org/safe-buffer 187ms (cache miss)
62 silly fetch manifest content-disposition@0.5.4
63 http fetch GET 200 https://registry.npmjs.org/proxy-addr 758ms (cache miss)
64 http fetch GET 200 https://registry.npmjs.org/type-is 761ms (cache miss)
65 http fetch GET 200 https://registry.npmjs.org/content-type 148ms (cache miss)
66 http fetch GET 200 https://registry.npmjs.org/parseurl 782ms (cache miss)
67 http fetch GET 200 https://registry.npmjs.org/utils-merge 237ms (cache miss)
68 http fetch GET 200 https://registry.npmjs.org/fresh 855ms (cache miss)
69 http fetch GET 200 https://registry.npmjs.org/finalhandler 298ms (cache miss)
70 http fetch GET 200 https://registry.npmjs.org/range-parser 293ms (cache miss)
71 http fetch GET 200 https://registry.npmjs.org/content-disposition 246ms (cache miss)
72 http fetch GET 200 https://registry.npmjs.org/merge-descriptors 258ms (cache miss)
73 http fetch GET 200 https://registry.npmjs.org/setprototypeof 274ms (cache miss)
74 http fetch GET 200 https://registry.npmjs.org/array-flatten 314ms (cache miss)
75 http fetch GET 200 https://registry.npmjs.org/cookie-signature 298ms (cache miss)
76 http fetch GET 200 https://registry.npmjs.org/serve-static 496ms (cache miss)
77 http fetch GET 200 https://registry.npmjs.org/path-to-regexp 496ms (cache miss)
78 silly placeDep ROOT accepts@1.3.8 OK for: express@4.19.2 want: ~1.3.8
79 silly placeDep ROOT array-flatten@1.1.1 OK for: express@4.19.2 want: 1.1.1
80 silly placeDep ROOT body-parser@1.20.2 OK for: express@4.19.2 want: 1.20.2
81 silly placeDep ROOT content-disposition@0.5.4 OK for: express@4.19.2 want: 0.5.4
82 silly placeDep ROOT content-type@1.0.5 OK for: express@4.19.2 want: ~1.0.4
83 silly placeDep ROOT cookie@0.6.0 OK for: express@4.19.2 want: 0.6.0
84 silly placeDep ROOT cookie-signature@1.0.6 OK for: express@4.19.2 want: 1.0.6
85 silly placeDep ROOT debug@2.6.9 OK for: express@4.19.2 want: 2.6.9
86 silly placeDep ROOT depd@2.0.0 OK for: express@4.19.2 want: 2.0.0
87 silly placeDep ROOT encodeurl@1.0.2 OK for: express@4.19.2 want: ~1.0.2
88 silly placeDep ROOT escape-html@1.0.3 OK for: express@4.19.2 want: ~1.0.3
89 silly placeDep ROOT etag@1.8.1 OK for: express@4.19.2 want: ~1.8.1
90 silly placeDep ROOT finalhandler@1.2.0 OK for: express@4.19.2 want: 1.2.0
91 silly placeDep ROOT fresh@0.5.2 OK for: express@4.19.2 want: 0.5.2
92 silly placeDep ROOT http-errors@2.0.0 OK for: express@4.19.2 want: 2.0.0
93 silly placeDep ROOT merge-descriptors@1.0.1 OK for: express@4.19.2 want: 1.0.1
94 silly placeDep ROOT methods@1.1.2 OK for: express@4.19.2 want: ~1.1.2
95 silly placeDep ROOT on-finished@2.4.1 OK for: express@4.19.2 want: 2.4.1
96 silly placeDep ROOT parseurl@1.3.3 OK for: express@4.19.2 want: ~1.3.3
97 silly placeDep ROOT path-to-regexp@0.1.7 OK for: express@4.19.2 want: 0.1.7
98 silly placeDep ROOT proxy-addr@2.0.7 OK for: express@4.19.2 want: ~2.0.7
99 silly placeDep ROOT qs@6.11.0 OK for: express@4.19.2 want: 6.11.0
100 silly placeDep ROOT range-parser@1.2.1 OK for: express@4.19.2 want: ~1.2.1
101 silly placeDep ROOT safe-buffer@5.2.1 OK for: express@4.19.2 want: 5.2.1
102 silly placeDep ROOT send@0.18.0 OK for: express@4.19.2 want: 0.18.0
103 silly placeDep ROOT serve-static@1.15.0 OK for: express@4.19.2 want: 1.15.0
104 silly placeDep ROOT setprototypeof@1.2.0 OK for: express@4.19.2 want: 1.2.0
105 silly placeDep ROOT statuses@2.0.1 OK for: express@4.19.2 want: 2.0.1
106 silly placeDep ROOT type-is@1.6.18 OK for: express@4.19.2 want: ~1.6.18
107 silly placeDep ROOT utils-merge@1.0.1 OK for: express@4.19.2 want: 1.0.1
108 silly placeDep ROOT vary@1.1.2 OK for: express@4.19.2 want: ~1.1.2
109 silly fetch manifest mime-types@~2.1.34
110 silly fetch manifest negotiator@0.6.3
111 silly fetch manifest bytes@3.1.2
112 silly fetch manifest unpipe@1.0.0
113 silly fetch manifest destroy@1.2.0
114 silly fetch manifest raw-body@2.5.2
115 silly fetch manifest iconv-lite@0.4.24
116 silly fetch manifest content-type@~1.0.5
117 silly fetch manifest ms@2.0.0
118 silly fetch manifest unpipe@~1.0.0
119 silly fetch manifest inherits@2.0.4
120 silly fetch manifest toidentifier@1.0.1
121 silly fetch manifest ee-first@1.1.1
122 silly fetch manifest forwarded@0.2.0
123 silly fetch manifest ipaddr.js@1.9.1
124 silly fetch manifest side-channel@^1.0.4
125 http fetch GET 200 https://registry.npmjs.org/inherits 437ms (cache miss)
126 silly fetch manifest ms@2.1.3
127 http fetch GET 200 https://registry.npmjs.org/unpipe 443ms (cache miss)
128 silly fetch manifest mime@1.6.0
129 http fetch GET 200 https://registry.npmjs.org/bytes 453ms (cache miss)
130 http fetch GET 200 https://registry.npmjs.org/forwarded 457ms (cache miss)
131 silly fetch manifest media-typer@0.3.0
132 http fetch GET 200 https://registry.npmjs.org/destroy 471ms (cache miss)
133 silly fetch manifest mime-types@~2.1.24
134 http fetch GET 200 https://registry.npmjs.org/side-channel 472ms (cache miss)
135 http fetch GET 200 https://registry.npmjs.org/ee-first 475ms (cache miss)
136 http fetch GET 200 https://registry.npmjs.org/unpipe 497ms (cache miss)
137 http fetch GET 200 https://registry.npmjs.org/toidentifier 499ms (cache miss)
138 http fetch GET 200 https://registry.npmjs.org/negotiator 554ms (cache miss)
139 http fetch GET 200 https://registry.npmjs.org/ipaddr.js 548ms (cache miss)
140 http fetch GET 200 https://registry.npmjs.org/iconv-lite 601ms (cache miss)
141 http fetch GET 200 https://registry.npmjs.org/ms 605ms (cache miss)
142 http fetch GET 200 https://registry.npmjs.org/raw-body 635ms (cache miss)
143 http fetch GET 200 https://registry.npmjs.org/mime-types 647ms (cache miss)
144 http fetch GET 200 https://registry.npmjs.org/media-typer 376ms (cache miss)
145 http fetch GET 200 https://registry.npmjs.org/mime 420ms (cache miss)
146 http fetch GET 200 https://registry.npmjs.org/ms 453ms (cache miss)
147 http fetch GET 200 https://registry.npmjs.org/mime-types 456ms (cache miss)
148 silly placeDep ROOT mime-types@2.1.35 OK for: accepts@1.3.8 want: ~2.1.34
149 silly placeDep ROOT negotiator@0.6.3 OK for: accepts@1.3.8 want: 0.6.3
150 silly fetch manifest mime-db@1.52.0
151 http fetch GET 200 https://registry.npmjs.org/mime-db 255ms (cache miss)
152 silly placeDep ROOT bytes@3.1.2 OK for: body-parser@1.20.2 want: 3.1.2
153 silly placeDep ROOT destroy@1.2.0 OK for: body-parser@1.20.2 want: 1.2.0
154 silly placeDep ROOT iconv-lite@0.4.24 OK for: body-parser@1.20.2 want: 0.4.24
155 silly placeDep ROOT raw-body@2.5.2 OK for: body-parser@1.20.2 want: 2.5.2
156 silly placeDep ROOT unpipe@1.0.0 OK for: body-parser@1.20.2 want: 1.0.0
157 silly fetch manifest safer-buffer@>= 2.1.2 < 3
158 http fetch GET 200 https://registry.npmjs.org/safer-buffer 193ms (cache miss)
159 silly placeDep ROOT ms@2.0.0 OK for: debug@2.6.9 want: 2.0.0
160 silly placeDep ROOT inherits@2.0.4 OK for: http-errors@2.0.0 want: 2.0.4
161 silly placeDep ROOT toidentifier@1.0.1 OK for: http-errors@2.0.0 want: 1.0.1
162 silly placeDep ROOT safer-buffer@2.1.2 OK for: iconv-lite@0.4.24 want: >= 2.1.2 < 3
163 silly placeDep ROOT mime-db@1.52.0 OK for: mime-types@2.1.35 want: 1.52.0
164 silly placeDep ROOT ee-first@1.1.1 OK for: on-finished@2.4.1 want: 1.1.1
165 silly placeDep ROOT forwarded@0.2.0 OK for: proxy-addr@2.0.7 want: 0.2.0
166 silly placeDep ROOT ipaddr.js@1.9.1 OK for: proxy-addr@2.0.7 want: 1.9.1
167 silly placeDep ROOT side-channel@1.0.6 OK for: qs@6.11.0 want: ^1.0.4
168 silly fetch manifest call-bind@^1.0.7
169 silly fetch manifest es-errors@^1.3.0
170 silly fetch manifest get-intrinsic@^1.2.4
171 silly fetch manifest object-inspect@^1.13.1
172 http fetch GET 200 https://registry.npmjs.org/call-bind 139ms (cache miss)
173 http fetch GET 200 https://registry.npmjs.org/get-intrinsic 173ms (cache miss)
174 http fetch GET 200 https://registry.npmjs.org/es-errors 186ms (cache miss)
175 http fetch GET 200 https://registry.npmjs.org/object-inspect 203ms (cache miss)
176 silly placeDep ROOT mime@1.6.0 OK for: send@0.18.0 want: 1.6.0
177 silly placeDep node_modules/send ms@2.1.3 OK for: send@0.18.0 want: 2.1.3
178 silly placeDep ROOT call-bind@1.0.7 OK for: side-channel@1.0.6 want: ^1.0.7
179 silly placeDep ROOT es-errors@1.3.0 OK for: side-channel@1.0.6 want: ^1.3.0
180 silly placeDep ROOT get-intrinsic@1.2.4 OK for: side-channel@1.0.6 want: ^1.2.4
181 silly placeDep ROOT object-inspect@1.13.1 OK for: side-channel@1.0.6 want: ^1.13.1
182 silly fetch manifest es-define-property@^1.0.0
183 silly fetch manifest function-bind@^1.1.2
184 silly fetch manifest set-function-length@^1.2.1
185 silly fetch manifest has-proto@^1.0.1
186 silly fetch manifest has-symbols@^1.0.3
187 silly fetch manifest hasown@^2.0.0
188 http fetch GET 200 https://registry.npmjs.org/function-bind 153ms (cache miss)
189 http fetch GET 200 https://registry.npmjs.org/set-function-length 158ms (cache miss)
190 http fetch GET 200 https://registry.npmjs.org/es-define-property 170ms (cache miss)
191 http fetch GET 200 https://registry.npmjs.org/has-symbols 168ms (cache miss)
192 http fetch GET 200 https://registry.npmjs.org/has-proto 172ms (cache miss)
193 http fetch GET 200 https://registry.npmjs.org/hasown 173ms (cache miss)
194 silly placeDep ROOT es-define-property@1.0.0 OK for: call-bind@1.0.7 want: ^1.0.0
195 silly placeDep ROOT function-bind@1.1.2 OK for: call-bind@1.0.7 want: ^1.1.2
196 silly placeDep ROOT set-function-length@1.2.2 OK for: call-bind@1.0.7 want: ^1.2.1
197 silly fetch manifest define-data-property@^1.1.4
198 silly fetch manifest gopd@^1.0.1
199 silly fetch manifest has-property-descriptors@^1.0.2
200 http fetch GET 200 https://registry.npmjs.org/gopd 127ms (cache miss)
201 http fetch GET 200 https://registry.npmjs.org/define-data-property 128ms (cache miss)
202 http fetch GET 200 https://registry.npmjs.org/has-property-descriptors 173ms (cache miss)
203 silly placeDep ROOT has-proto@1.0.3 OK for: get-intrinsic@1.2.4 want: ^1.0.1
204 silly placeDep ROOT has-symbols@1.0.3 OK for: get-intrinsic@1.2.4 want: ^1.0.3
205 silly placeDep ROOT hasown@2.0.2 OK for: get-intrinsic@1.2.4 want: ^2.0.0
206 silly placeDep ROOT define-data-property@1.1.4 OK for: set-function-length@1.2.2 want: ^1.1.4
207 silly placeDep ROOT gopd@1.0.1 OK for: set-function-length@1.2.2 want: ^1.0.1
208 silly placeDep ROOT has-property-descriptors@1.0.2 OK for: set-function-length@1.2.2 want: ^1.0.2
209 silly placeDep ROOT media-typer@0.3.0 OK for: type-is@1.6.18 want: 0.3.0
210 silly reify moves {}
211 silly audit bulk request {
211 silly audit   express: [ '4.19.2' ],
211 silly audit   accepts: [ '1.3.8' ],
211 silly audit   'array-flatten': [ '1.1.1' ],
211 silly audit   'body-parser': [ '1.20.2' ],
211 silly audit   'content-disposition': [ '0.5.4' ],
211 silly audit   'content-type': [ '1.0.5' ],
211 silly audit   cookie: [ '0.6.0' ],
211 silly audit   'cookie-signature': [ '1.0.6' ],
211 silly audit   debug: [ '2.6.9' ],
211 silly audit   depd: [ '2.0.0' ],
211 silly audit   encodeurl: [ '1.0.2' ],
211 silly audit   'escape-html': [ '1.0.3' ],
211 silly audit   etag: [ '1.8.1' ],
211 silly audit   finalhandler: [ '1.2.0' ],
211 silly audit   fresh: [ '0.5.2' ],
211 silly audit   'http-errors': [ '2.0.0' ],
211 silly audit   'merge-descriptors': [ '1.0.1' ],
211 silly audit   methods: [ '1.1.2' ],
211 silly audit   'on-finished': [ '2.4.1' ],
211 silly audit   parseurl: [ '1.3.3' ],
211 silly audit   'path-to-regexp': [ '0.1.7' ],
211 silly audit   'proxy-addr': [ '2.0.7' ],
211 silly audit   qs: [ '6.11.0' ],
211 silly audit   'range-parser': [ '1.2.1' ],
211 silly audit   'safe-buffer': [ '5.2.1' ],
211 silly audit   send: [ '0.18.0' ],
211 silly audit   'serve-static': [ '1.15.0' ],
211 silly audit   setprototypeof: [ '1.2.0' ],
211 silly audit   statuses: [ '2.0.1' ],
211 silly audit   'type-is': [ '1.6.18' ],
211 silly audit   'utils-merge': [ '1.0.1' ],
211 silly audit   vary: [ '1.1.2' ],
211 silly audit   'mime-types': [ '2.1.35' ],
211 silly audit   negotiator: [ '0.6.3' ],
211 silly audit   bytes: [ '3.1.2' ],
211 silly audit   destroy: [ '1.2.0' ],
211 silly audit   'iconv-lite': [ '0.4.24' ],
211 silly audit   'raw-body': [ '2.5.2' ],
211 silly audit   unpipe: [ '1.0.0' ],
211 silly audit   ms: [ '2.0.0', '2.1.3' ],
211 silly audit   inherits: [ '2.0.4' ],
211 silly audit   toidentifier: [ '1.0.1' ],
211 silly audit   'safer-buffer': [ '2.1.2' ],
211 silly audit   'mime-db': [ '1.52.0' ],
211 silly audit   'ee-first': [ '1.1.1' ],
211 silly audit   forwarded: [ '0.2.0' ],
211 silly audit   'ipaddr.js': [ '1.9.1' ],
211 silly audit   'side-channel': [ '1.0.6' ],
211 silly audit   mime: [ '1.6.0' ],
211 silly audit   'call-bind': [ '1.0.7' ],
211 silly audit   'es-errors': [ '1.3.0' ],
211 silly audit   'get-intrinsic': [ '1.2.4' ],
211 silly audit   'object-inspect': [ '1.13.1' ],
211 silly audit   'es-define-property': [ '1.0.0' ],
211 silly audit   'function-bind': [ '1.1.2' ],
211 silly audit   'set-function-length': [ '1.2.2' ],
211 silly audit   'has-proto': [ '1.0.3' ],
211 silly audit   'has-symbols': [ '1.0.3' ],
211 silly audit   hasown: [ '2.0.2' ],
211 silly audit   'define-data-property': [ '1.1.4' ],
211 silly audit   gopd: [ '1.0.1' ],
211 silly audit   'has-property-descriptors': [ '1.0.2' ],
211 silly audit   'media-typer': [ '0.3.0' ]
211 silly audit }
212 silly tarball no local data for media-typer@https://registry.npmjs.org/media-typer/-/media-typer-0.3.0.tgz. Extracting by manifest.
213 silly tarball no local data for define-data-property@https://registry.npmjs.org/define-data-property/-/define-data-property-1.1.4.tgz. Extracting by manifest.
214 silly tarball no local data for has-property-descriptors@https://registry.npmjs.org/has-property-descriptors/-/has-property-descriptors-1.0.2.tgz. Extracting by manifest.
215 silly tarball no local data for gopd@https://registry.npmjs.org/gopd/-/gopd-1.0.1.tgz. Extracting by manifest.
216 silly tarball no local data for hasown@https://registry.npmjs.org/hasown/-/hasown-2.0.2.tgz. Extracting by manifest.
217 silly tarball no local data for has-symbols@https://registry.npmjs.org/has-symbols/-/has-symbols-1.0.3.tgz. Extracting by manifest.
218 silly tarball no local data for has-proto@https://registry.npmjs.org/has-proto/-/has-proto-1.0.3.tgz. Extracting by manifest.
219 silly tarball no local data for es-define-property@https://registry.npmjs.org/es-define-property/-/es-define-property-1.0.0.tgz. Extracting by manifest.
220 silly tarball no local data for object-inspect@https://registry.npmjs.org/object-inspect/-/object-inspect-1.13.1.tgz. Extracting by manifest.
221 silly tarball no local data for set-function-length@https://registry.npmjs.org/set-function-length/-/set-function-length-1.2.2.tgz. Extracting by manifest.
222 silly tarball no local data for function-bind@https://registry.npmjs.org/function-bind/-/function-bind-1.1.2.tgz. Extracting by manifest.
223 silly tarball no local data for es-errors@https://registry.npmjs.org/es-errors/-/es-errors-1.3.0.tgz. Extracting by manifest.
224 silly tarball no local data for get-intrinsic@https://registry.npmjs.org/get-intrinsic/-/get-intrinsic-1.2.4.tgz. Extracting by manifest.
225 silly tarball no local data for mime@https://registry.npmjs.org/mime/-/mime-1.6.0.tgz. Extracting by manifest.
226 silly tarball no local data for side-channel@https://registry.npmjs.org/side-channel/-/side-channel-1.0.6.tgz. Extracting by manifest.
227 silly tarball no local data for call-bind@https://registry.npmjs.org/call-bind/-/call-bind-1.0.7.tgz. Extracting by manifest.
228 silly tarball no local data for ipaddr.js@https://registry.npmjs.org/ipaddr.js/-/ipaddr.js-1.9.1.tgz. Extracting by manifest.
229 silly tarball no local data for forwarded@https://registry.npmjs.org/forwarded/-/forwarded-0.2.0.tgz. Extracting by manifest.
230 silly tarball no local data for ee-first@https://registry.npmjs.org/ee-first/-/ee-first-1.1.1.tgz. Extracting by manifest.
231 silly tarball no local data for mime-db@https://registry.npmjs.org/mime-db/-/mime-db-1.52.0.tgz. Extracting by manifest.
232 silly tarball no local data for safer-buffer@https://registry.npmjs.org/safer-buffer/-/safer-buffer-2.1.2.tgz. Extracting by manifest.
233 silly tarball no local data for inherits@https://registry.npmjs.org/inherits/-/inherits-2.0.4.tgz. Extracting by manifest.
234 silly tarball no local data for toidentifier@https://registry.npmjs.org/toidentifier/-/toidentifier-1.0.1.tgz. Extracting by manifest.
235 silly tarball no local data for ms@https://registry.npmjs.org/ms/-/ms-2.0.0.tgz. Extracting by manifest.
236 silly tarball no local data for unpipe@https://registry.npmjs.org/unpipe/-/unpipe-1.0.0.tgz. Extracting by manifest.
237 silly tarball no local data for iconv-lite@https://registry.npmjs.org/iconv-lite/-/iconv-lite-0.4.24.tgz. Extracting by manifest.
238 silly tarball no local data for raw-body@https://registry.npmjs.org/raw-body/-/raw-body-2.5.2.tgz. Extracting by manifest.
239 silly tarball no local data for destroy@https://registry.npmjs.org/destroy/-/destroy-1.2.0.tgz. Extracting by manifest.
240 silly tarball no local data for bytes@https://registry.npmjs.org/bytes/-/bytes-3.1.2.tgz. Extracting by manifest.
241 silly tarball no local data for negotiator@https://registry.npmjs.org/negotiator/-/negotiator-0.6.3.tgz. Extracting by manifest.
242 silly tarball no local data for mime-types@https://registry.npmjs.org/mime-types/-/mime-types-2.1.35.tgz. Extracting by manifest.
243 silly tarball no local data for vary@https://registry.npmjs.org/vary/-/vary-1.1.2.tgz. Extracting by manifest.
244 silly tarball no local data for utils-merge@https://registry.npmjs.org/utils-merge/-/utils-merge-1.0.1.tgz. Extracting by manifest.
245 silly tarball no local data for type-is@https://registry.npmjs.org/type-is/-/type-is-1.6.18.tgz. Extracting by manifest.
246 silly tarball no local data for statuses@https://registry.npmjs.org/statuses/-/statuses-2.0.1.tgz. Extracting by manifest.
247 silly tarball no local data for serve-static@https://registry.npmjs.org/serve-static/-/serve-static-1.15.0.tgz. Extracting by manifest.
248 silly tarball no local data for setprototypeof@https://registry.npmjs.org/setprototypeof/-/setprototypeof-1.2.0.tgz. Extracting by manifest.
249 silly tarball no local data for safe-buffer@https://registry.npmjs.org/safe-buffer/-/safe-buffer-5.2.1.tgz. Extracting by manifest.
250 silly tarball no local data for send@https://registry.npmjs.org/send/-/send-0.18.0.tgz. Extracting by manifest.
251 silly tarball no local data for range-parser@https://registry.npmjs.org/range-parser/-/range-parser-1.2.1.tgz. Extracting by manifest.
252 silly tarball no local data for qs@https://registry.npmjs.org/qs/-/qs-6.11.0.tgz. Extracting by manifest.
253 silly tarball no local data for proxy-addr@https://registry.npmjs.org/proxy-addr/-/proxy-addr-2.0.7.tgz. Extracting by manifest.
254 silly tarball no local data for path-to-regexp@https://registry.npmjs.org/path-to-regexp/-/path-to-regexp-0.1.7.tgz. Extracting by manifest.
255 silly tarball no local data for parseurl@https://registry.npmjs.org/parseurl/-/parseurl-1.3.3.tgz. Extracting by manifest.
256 silly tarball no local data for on-finished@https://registry.npmjs.org/on-finished/-/on-finished-2.4.1.tgz. Extracting by manifest.
257 silly tarball no local data for methods@https://registry.npmjs.org/methods/-/methods-1.1.2.tgz. Extracting by manifest.
258 silly tarball no local data for http-errors@https://registry.npmjs.org/http-errors/-/http-errors-2.0.0.tgz. Extracting by manifest.
259 silly tarball no local data for merge-descriptors@https://registry.npmjs.org/merge-descriptors/-/merge-descriptors-1.0.1.tgz. Extracting by manifest.
260 silly tarball no local data for fresh@https://registry.npmjs.org/fresh/-/fresh-0.5.2.tgz. Extracting by manifest.
261 silly tarball no local data for escape-html@https://registry.npmjs.org/escape-html/-/escape-html-1.0.3.tgz. Extracting by manifest.
262 silly tarball no local data for finalhandler@https://registry.npmjs.org/finalhandler/-/finalhandler-1.2.0.tgz. Extracting by manifest.
263 silly tarball no local data for depd@https://registry.npmjs.org/depd/-/depd-2.0.0.tgz. Extracting by manifest.
264 silly tarball no local data for etag@https://registry.npmjs.org/etag/-/etag-1.8.1.tgz. Extracting by manifest.
265 silly tarball no local data for encodeurl@https://registry.npmjs.org/encodeurl/-/encodeurl-1.0.2.tgz. Extracting by manifest.
266 silly tarball no local data for debug@https://registry.npmjs.org/debug/-/debug-2.6.9.tgz. Extracting by manifest.
267 silly tarball no local data for cookie-signature@https://registry.npmjs.org/cookie-signature/-/cookie-signature-1.0.6.tgz. Extracting by manifest.
268 silly tarball no local data for cookie@https://registry.npmjs.org/cookie/-/cookie-0.6.0.tgz. Extracting by manifest.
269 silly tarball no local data for content-type@https://registry.npmjs.org/content-type/-/content-type-1.0.5.tgz. Extracting by manifest.
270 silly tarball no local data for body-parser@https://registry.npmjs.org/body-parser/-/body-parser-1.20.2.tgz. Extracting by manifest.
271 silly tarball no local data for content-disposition@https://registry.npmjs.org/content-disposition/-/content-disposition-0.5.4.tgz. Extracting by manifest.
272 silly tarball no local data for array-flatten@https://registry.npmjs.org/array-flatten/-/array-flatten-1.1.1.tgz. Extracting by manifest.
273 silly tarball no local data for accepts@https://registry.npmjs.org/accepts/-/accepts-1.3.8.tgz. Extracting by manifest.
274 silly tarball no local data for express@https://registry.npmjs.org/express/-/express-4.19.2.tgz. Extracting by manifest.
275 silly tarball no local data for ms@https://registry.npmjs.org/ms/-/ms-2.1.3.tgz. Extracting by manifest.
276 http fetch POST 200 https://registry.npmjs.org/-/npm/v1/security/advisories/bulk 218ms
277 silly audit report {}
278 http fetch GET 200 https://registry.npmjs.org/media-typer/-/media-typer-0.3.0.tgz 207ms (cache miss)
279 http fetch GET 200 https://registry.npmjs.org/gopd/-/gopd-1.0.1.tgz 210ms (cache miss)
280 http fetch GET 200 https://registry.npmjs.org/has-symbols/-/has-symbols-1.0.3.tgz 233ms (cache miss)
281 http fetch GET 200 https://registry.npmjs.org/function-bind/-/function-bind-1.1.2.tgz 272ms (cache miss)
282 http fetch GET 200 https://registry.npmjs.org/has-proto/-/has-proto-1.0.3.tgz 274ms (cache miss)
283 http fetch GET 200 https://registry.npmjs.org/es-errors/-/es-errors-1.3.0.tgz 289ms (cache miss)
284 http fetch GET 200 https://registry.npmjs.org/get-intrinsic/-/get-intrinsic-1.2.4.tgz 290ms (cache miss)
285 http fetch GET 200 https://registry.npmjs.org/object-inspect/-/object-inspect-1.13.1.tgz 292ms (cache miss)
286 http fetch GET 200 https://registry.npmjs.org/hasown/-/hasown-2.0.2.tgz 295ms (cache miss)
287 http fetch GET 200 https://registry.npmjs.org/has-property-descriptors/-/has-property-descriptors-1.0.2.tgz 296ms (cache miss)
288 http fetch GET 200 https://registry.npmjs.org/es-define-property/-/es-define-property-1.0.0.tgz 294ms (cache miss)
289 http fetch GET 200 https://registry.npmjs.org/define-data-property/-/define-data-property-1.1.4.tgz 305ms (cache miss)
290 http fetch GET 200 https://registry.npmjs.org/set-function-length/-/set-function-length-1.2.2.tgz 304ms (cache miss)
291 http fetch GET 200 https://registry.npmjs.org/mime/-/mime-1.6.0.tgz 309ms (cache miss)
292 http fetch GET 200 https://registry.npmjs.org/side-channel/-/side-channel-1.0.6.tgz 331ms (cache miss)
293 http fetch GET 200 https://registry.npmjs.org/forwarded/-/forwarded-0.2.0.tgz 342ms (cache miss)
294 http fetch GET 200 https://registry.npmjs.org/ipaddr.js/-/ipaddr.js-1.9.1.tgz 354ms (cache miss)
295 http fetch GET 200 https://registry.npmjs.org/call-bind/-/call-bind-1.0.7.tgz 362ms (cache miss)
296 http fetch GET 200 https://registry.npmjs.org/safer-buffer/-/safer-buffer-2.1.2.tgz 432ms (cache miss)
297 http fetch GET 200 https://registry.npmjs.org/ee-first/-/ee-first-1.1.1.tgz 457ms (cache miss)
298 http fetch GET 200 https://registry.npmjs.org/inherits/-/inherits-2.0.4.tgz 457ms (cache miss)
299 http fetch GET 200 https://registry.npmjs.org/unpipe/-/unpipe-1.0.0.tgz 468ms (cache miss)
300 http fetch GET 200 https://registry.npmjs.org/toidentifier/-/toidentifier-1.0.1.tgz 468ms (cache miss)
301 http fetch GET 200 https://registry.npmjs.org/mime-db/-/mime-db-1.52.0.tgz 482ms (cache miss)
302 http fetch GET 200 https://registry.npmjs.org/ms/-/ms-2.0.0.tgz 504ms (cache miss)
303 http fetch GET 200 https://registry.npmjs.org/vary/-/vary-1.1.2.tgz 634ms (cache miss)
304 http fetch GET 200 https://registry.npmjs.org/mime-types/-/mime-types-2.1.35.tgz 637ms (cache miss)
305 http fetch GET 200 https://registry.npmjs.org/destroy/-/destroy-1.2.0.tgz 665ms (cache miss)
306 http fetch GET 200 https://registry.npmjs.org/raw-body/-/raw-body-2.5.2.tgz 676ms (cache miss)
307 http fetch GET 200 https://registry.npmjs.org/negotiator/-/negotiator-0.6.3.tgz 677ms (cache miss)
308 http fetch GET 200 https://registry.npmjs.org/bytes/-/bytes-3.1.2.tgz 728ms (cache miss)
309 http fetch GET 200 https://registry.npmjs.org/utils-merge/-/utils-merge-1.0.1.tgz 774ms (cache miss)
310 http fetch GET 200 https://registry.npmjs.org/serve-static/-/serve-static-1.15.0.tgz 922ms (cache miss)
311 http fetch GET 200 https://registry.npmjs.org/statuses/-/statuses-2.0.1.tgz 926ms (cache miss)
312 http fetch GET 200 https://registry.npmjs.org/type-is/-/type-is-1.6.18.tgz 954ms (cache miss)
313 http fetch GET 200 https://registry.npmjs.org/setprototypeof/-/setprototypeof-1.2.0.tgz 1003ms (cache miss)
314 http fetch GET 200 https://registry.npmjs.org/range-parser/-/range-parser-1.2.1.tgz 1291ms (cache miss)
315 http fetch GET 200 https://registry.npmjs.org/safe-buffer/-/safe-buffer-5.2.1.tgz 1336ms (cache miss)
316 http fetch GET 200 https://registry.npmjs.org/send/-/send-0.18.0.tgz 1338ms (cache miss)
317 http fetch GET 200 https://registry.npmjs.org/iconv-lite/-/iconv-lite-0.4.24.tgz 1349ms (cache miss)
318 http fetch GET 200 https://registry.npmjs.org/methods/-/methods-1.1.2.tgz 1424ms (cache miss)
319 http fetch GET 200 https://registry.npmjs.org/parseurl/-/parseurl-1.3.3.tgz 1430ms (cache miss)
320 http fetch GET 200 https://registry.npmjs.org/path-to-regexp/-/path-to-regexp-0.1.7.tgz 1485ms (cache miss)
321 http fetch GET 200 https://registry.npmjs.org/http-errors/-/http-errors-2.0.0.tgz 1535ms (cache miss)
322 http fetch GET 200 https://registry.npmjs.org/merge-descriptors/-/merge-descriptors-1.0.1.tgz 1552ms (cache miss)
323 http fetch GET 200 https://registry.npmjs.org/escape-html/-/escape-html-1.0.3.tgz 1551ms (cache miss)
324 http fetch GET 200 https://registry.npmjs.org/fresh/-/fresh-0.5.2.tgz 1564ms (cache miss)
325 http fetch GET 200 https://registry.npmjs.org/finalhandler/-/finalhandler-1.2.0.tgz 1608ms (cache miss)
326 http fetch GET 200 https://registry.npmjs.org/encodeurl/-/encodeurl-1.0.2.tgz 1653ms (cache miss)
327 http fetch GET 200 https://registry.npmjs.org/etag/-/etag-1.8.1.tgz 1667ms (cache miss)
328 http fetch GET 200 https://registry.npmjs.org/depd/-/depd-2.0.0.tgz 1677ms (cache miss)
329 http fetch GET 200 https://registry.npmjs.org/debug/-/debug-2.6.9.tgz 1716ms (cache miss)
330 http fetch GET 200 https://registry.npmjs.org/cookie-signature/-/cookie-signature-1.0.6.tgz 1739ms (cache miss)
331 http fetch GET 200 https://registry.npmjs.org/content-type/-/content-type-1.0.5.tgz 1746ms (cache miss)
332 http fetch GET 200 https://registry.npmjs.org/cookie/-/cookie-0.6.0.tgz 1759ms (cache miss)
333 http fetch GET 200 https://registry.npmjs.org/array-flatten/-/array-flatten-1.1.1.tgz 1768ms (cache miss)
334 http fetch GET 200 https://registry.npmjs.org/content-disposition/-/content-disposition-0.5.4.tgz 1778ms (cache miss)
335 http fetch GET 200 https://registry.npmjs.org/accepts/-/accepts-1.3.8.tgz 1810ms (cache miss)
336 http fetch GET 200 https://registry.npmjs.org/on-finished/-/on-finished-2.4.1.tgz 1849ms (cache miss)
337 http fetch GET 200 https://registry.npmjs.org/body-parser/-/body-parser-1.20.2.tgz 1846ms (cache miss)
338 http fetch GET 200 https://registry.npmjs.org/ms/-/ms-2.1.3.tgz 1841ms (cache miss)
339 http fetch GET 200 https://registry.npmjs.org/express/-/express-4.19.2.tgz 1864ms (cache miss)
340 http fetch GET 200 https://registry.npmjs.org/qs/-/qs-6.11.0.tgz 1906ms (cache miss)
341 http fetch GET 200 https://registry.npmjs.org/proxy-addr/-/proxy-addr-2.0.7.tgz 1949ms (cache miss)
342 silly ADD node_modules/media-typer
343 silly ADD node_modules/has-property-descriptors
344 silly ADD node_modules/gopd
345 silly ADD node_modules/define-data-property
346 silly ADD node_modules/hasown
347 silly ADD node_modules/has-symbols
348 silly ADD node_modules/has-proto
349 silly ADD node_modules/set-function-length
350 silly ADD node_modules/function-bind
351 silly ADD node_modules/es-define-property
352 silly ADD node_modules/object-inspect
353 silly ADD node_modules/get-intrinsic
354 silly ADD node_modules/es-errors
355 silly ADD node_modules/call-bind
356 silly ADD node_modules/mime
357 silly ADD node_modules/side-channel
358 silly ADD node_modules/ipaddr.js
359 silly ADD node_modules/forwarded
360 silly ADD node_modules/ee-first
361 silly ADD node_modules/mime-db
362 silly ADD node_modules/safer-buffer
363 silly ADD node_modules/toidentifier
364 silly ADD node_modules/inherits
365 silly ADD node_modules/ms
366 silly ADD node_modules/unpipe
367 silly ADD node_modules/raw-body
368 silly ADD node_modules/iconv-lite
369 silly ADD node_modules/destroy
370 silly ADD node_modules/bytes
371 silly ADD node_modules/negotiator
372 silly ADD node_modules/mime-types
373 silly ADD node_modules/vary
374 silly ADD node_modules/utils-merge
375 silly ADD node_modules/type-is
376 silly ADD node_modules/statuses
377 silly ADD node_modules/setprototypeof
378 silly ADD node_modules/serve-static
379 silly ADD node_modules/send
380 silly ADD node_modules/send/node_modules/ms
381 silly ADD node_modules/safe-buffer
382 silly ADD node_modules/range-parser
383 silly ADD node_modules/qs
384 silly ADD node_modules/proxy-addr
385 silly ADD node_modules/path-to-regexp
386 silly ADD node_modules/parseurl
387 silly ADD node_modules/on-finished
388 silly ADD node_modules/methods
389 silly ADD node_modules/merge-descriptors
390 silly ADD node_modules/http-errors
391 silly ADD node_modules/fresh
392 silly ADD node_modules/finalhandler
393 silly ADD node_modules/etag
394 silly ADD node_modules/escape-html
395 silly ADD node_modules/encodeurl
396 silly ADD node_modules/depd
397 silly ADD node_modules/debug
398 silly ADD node_modules/cookie-signature
399 silly ADD node_modules/cookie
400 silly ADD node_modules/content-type
401 silly ADD node_modules/content-disposition
402 silly ADD node_modules/body-parser
403 silly ADD node_modules/array-flatten
404 silly ADD node_modules/accepts
405 silly ADD node_modules/express
406 verbose exit 0
407 info ok
