0 verbose cli C:\Program Files\nodejs\node.exe C:\Users\andro\AppData\Roaming\npm\node_modules\npm\bin\npm-cli.js
1 info using npm@10.7.0
2 info using node@v20.12.2
3 silly config:load:file:C:\Users\andro\AppData\Roaming\npm\node_modules\npm\npmrc
4 silly config:load:file:C:\Users\andro\Documents\BACKEND_NODEJS\.npmrc
5 silly config:load:file:C:\Users\andro\.npmrc
6 silly config:load:file:C:\Users\andro\AppData\Roaming\npm\etc\npmrc
7 verbose title npm install mocha
8 verbose argv "install" "mocha" "--save-dev"
9 verbose logfile logs-max:10 dir:C:\Users\andro\Documents\BACKEND_NODEJS\npm-cache\_logs\2024-06-06T06_35_00_701Z-
10 verbose logfile C:\Users\andro\Documents\BACKEND_NODEJS\npm-cache\_logs\2024-06-06T06_35_00_701Z-debug-0.log
11 silly logfile start cleaning logs, removing 2 files
12 silly logfile done cleaning log files
13 silly idealTree buildDeps
14 silly fetch manifest mocha@*
15 http fetch GET 200 https://registry.npmjs.org/mocha 36ms (cache hit)
16 silly placeDep ROOT mocha@10.4.0 OK for: backend_nodejs@1.0.0 want: *
17 silly fetch manifest ansi-colors@4.1.1
18 silly fetch manifest browser-stdout@1.3.1
19 silly fetch manifest chokidar@3.5.3
20 silly fetch manifest debug@4.3.4
21 silly fetch manifest diff@5.0.0
22 silly fetch manifest escape-string-regexp@4.0.0
23 silly fetch manifest find-up@5.0.0
24 silly fetch manifest glob@8.1.0
25 silly fetch manifest he@1.2.0
26 silly fetch manifest js-yaml@4.1.0
27 silly fetch manifest log-symbols@4.1.0
28 silly fetch manifest minimatch@5.0.1
29 silly fetch manifest ms@2.1.3
30 silly fetch manifest serialize-javascript@6.0.0
31 silly fetch manifest strip-json-comments@3.1.1
32 http fetch GET 200 https://registry.npmjs.org/chokidar 29ms (cache hit)
33 silly fetch manifest supports-color@8.1.1
34 http fetch GET 200 https://registry.npmjs.org/browser-stdout 32ms (cache hit)
35 silly fetch manifest workerpool@6.2.1
36 http fetch GET 200 https://registry.npmjs.org/escape-string-regexp 32ms (cache hit)
37 silly fetch manifest yargs@16.2.0
38 http fetch GET 200 https://registry.npmjs.org/ansi-colors 34ms (cache hit)
39 silly fetch manifest yargs-parser@20.2.4
40 http fetch GET 200 https://registry.npmjs.org/debug 35ms (cache hit)
41 silly fetch manifest yargs-unparser@2.0.0
42 http fetch GET 200 https://registry.npmjs.org/diff 38ms (cache hit)
43 http fetch GET 200 https://registry.npmjs.org/js-yaml 37ms (cache hit)
44 http fetch GET 200 https://registry.npmjs.org/he 40ms (cache hit)
45 http fetch GET 200 https://registry.npmjs.org/glob 41ms (cache hit)
46 http fetch GET 200 https://registry.npmjs.org/find-up 44ms (cache hit)
47 http fetch GET 200 https://registry.npmjs.org/minimatch 41ms (cache hit)
48 http fetch GET 200 https://registry.npmjs.org/log-symbols 45ms (cache hit)
49 http fetch GET 200 https://registry.npmjs.org/serialize-javascript 45ms (cache hit)
50 http fetch GET 200 https://registry.npmjs.org/strip-json-comments 46ms (cache hit)
51 http fetch GET 200 https://registry.npmjs.org/ms 46ms (cache hit)
52 http fetch GET 200 https://registry.npmjs.org/supports-color 27ms (cache hit)
53 http fetch GET 200 https://registry.npmjs.org/workerpool 28ms (cache hit)
54 http fetch GET 200 https://registry.npmjs.org/yargs 29ms (cache hit)
55 http fetch GET 200 https://registry.npmjs.org/yargs-unparser 32ms (cache hit)
56 http fetch GET 200 https://registry.npmjs.org/yargs-parser 36ms (cache hit)
57 silly placeDep ROOT ansi-colors@4.1.1 OK for: mocha@10.4.0 want: 4.1.1
58 silly placeDep ROOT browser-stdout@1.3.1 OK for: mocha@10.4.0 want: 1.3.1
59 silly placeDep ROOT chokidar@3.5.3 OK for: mocha@10.4.0 want: 3.5.3
60 silly placeDep node_modules/mocha debug@4.3.4 OK for: mocha@10.4.0 want: 4.3.4
61 silly placeDep ROOT diff@5.0.0 OK for: mocha@10.4.0 want: 5.0.0
62 silly placeDep ROOT escape-string-regexp@4.0.0 OK for: mocha@10.4.0 want: 4.0.0
63 silly placeDep ROOT find-up@5.0.0 OK for: mocha@10.4.0 want: 5.0.0
64 silly placeDep ROOT glob@8.1.0 OK for: mocha@10.4.0 want: 8.1.0
65 silly placeDep ROOT he@1.2.0 OK for: mocha@10.4.0 want: 1.2.0
66 silly placeDep ROOT js-yaml@4.1.0 OK for: mocha@10.4.0 want: 4.1.0
67 silly placeDep ROOT log-symbols@4.1.0 OK for: mocha@10.4.0 want: 4.1.0
68 silly placeDep ROOT minimatch@5.0.1 OK for: mocha@10.4.0 want: 5.0.1
69 silly placeDep node_modules/mocha ms@2.1.3 OK for: mocha@10.4.0 want: 2.1.3
70 silly placeDep ROOT serialize-javascript@6.0.0 OK for: mocha@10.4.0 want: 6.0.0
71 silly placeDep ROOT strip-json-comments@3.1.1 OK for: mocha@10.4.0 want: 3.1.1
72 silly placeDep ROOT supports-color@8.1.1 OK for: mocha@10.4.0 want: 8.1.1
73 silly placeDep ROOT workerpool@6.2.1 OK for: mocha@10.4.0 want: 6.2.1
74 silly placeDep ROOT yargs@16.2.0 OK for: mocha@10.4.0 want: 16.2.0
75 silly placeDep ROOT yargs-parser@20.2.4 OK for: mocha@10.4.0 want: 20.2.4
76 silly placeDep ROOT yargs-unparser@2.0.0 OK for: mocha@10.4.0 want: 2.0.0
77 silly fetch manifest anymatch@~3.1.2
78 silly fetch manifest braces@~3.0.2
79 silly fetch manifest glob-parent@~5.1.2
80 silly fetch manifest is-binary-path@~2.1.0
81 silly fetch manifest is-glob@~4.0.1
82 silly fetch manifest normalize-path@~3.0.0
83 silly fetch manifest readdirp@~3.6.0
84 silly fetch manifest fsevents@~2.3.2
85 silly fetch manifest ms@2.1.2
86 silly fetch manifest locate-path@^6.0.0
87 silly fetch manifest path-exists@^4.0.0
88 silly fetch manifest fs.realpath@^1.0.0
89 silly fetch manifest inflight@^1.0.4
90 silly fetch manifest minimatch@^5.0.1
91 silly fetch manifest argparse@^2.0.1
92 silly fetch manifest chalk@^4.1.0
93 silly fetch manifest is-unicode-supported@^0.1.0
94 http fetch GET 200 https://registry.npmjs.org/braces 29ms (cache hit)
95 silly fetch manifest brace-expansion@^2.0.1
96 http fetch GET 200 https://registry.npmjs.org/anymatch 33ms (cache hit)
97 silly fetch manifest randombytes@^2.1.0
98 http fetch GET 200 https://registry.npmjs.org/is-glob 31ms (cache hit)
99 silly fetch manifest has-flag@^4.0.0
100 http fetch GET 200 https://registry.npmjs.org/fsevents 32ms (cache hit)
101 silly fetch manifest cliui@^7.0.2
102 http fetch GET 200 https://registry.npmjs.org/glob-parent 37ms (cache hit)
103 silly fetch manifest escalade@^3.1.1
104 http fetch GET 200 https://registry.npmjs.org/locate-path 35ms (cache hit)
105 silly fetch manifest get-caller-file@^2.0.5
106 http fetch GET 200 https://registry.npmjs.org/readdirp 37ms (cache hit)
107 silly fetch manifest require-directory@^2.1.1
108 http fetch GET 200 https://registry.npmjs.org/fs.realpath 37ms (cache hit)
109 silly fetch manifest string-width@^4.2.0
110 http fetch GET 200 https://registry.npmjs.org/path-exists 39ms (cache hit)
111 silly fetch manifest y18n@^5.0.5
112 http fetch GET 200 https://registry.npmjs.org/normalize-path 42ms (cache hit)
113 silly fetch manifest yargs-parser@^20.2.2
114 silly fetch manifest camelcase@^6.0.0
115 http fetch GET 200 https://registry.npmjs.org/inflight 40ms (cache hit)
116 silly fetch manifest decamelize@^4.0.0
117 http fetch GET 200 https://registry.npmjs.org/argparse 41ms (cache hit)
118 silly fetch manifest flat@^5.0.2
119 http fetch GET 200 https://registry.npmjs.org/is-binary-path 50ms (cache hit)
120 silly fetch manifest is-plain-obj@^2.1.0
121 http fetch GET 200 https://registry.npmjs.org/chalk 43ms (cache hit)
122 http fetch GET 200 https://registry.npmjs.org/is-unicode-supported 45ms (cache hit)
123 http fetch GET 200 https://registry.npmjs.org/brace-expansion 45ms (cache hit)
124 http fetch GET 200 https://registry.npmjs.org/has-flag 43ms (cache hit)
125 http fetch GET 200 https://registry.npmjs.org/randombytes 44ms (cache hit)
126 http fetch GET 200 https://registry.npmjs.org/escalade 40ms (cache hit)
127 http fetch GET 200 https://registry.npmjs.org/cliui 41ms (cache hit)
128 http fetch GET 200 https://registry.npmjs.org/require-directory 37ms (cache hit)
129 http fetch GET 200 https://registry.npmjs.org/get-caller-file 40ms (cache hit)
130 http fetch GET 200 https://registry.npmjs.org/string-width 37ms (cache hit)
131 http fetch GET 200 https://registry.npmjs.org/decamelize 34ms (cache hit)
132 http fetch GET 200 https://registry.npmjs.org/flat 31ms (cache hit)
133 http fetch GET 200 https://registry.npmjs.org/y18n 39ms (cache hit)
134 http fetch GET 200 https://registry.npmjs.org/camelcase 38ms (cache hit)
135 http fetch GET 200 https://registry.npmjs.org/is-plain-obj 33ms (cache hit)
136 silly placeDep ROOT anymatch@3.1.3 OK for: chokidar@3.5.3 want: ~3.1.2
137 silly placeDep ROOT braces@3.0.3 OK for: chokidar@3.5.3 want: ~3.0.2
138 silly placeDep ROOT fsevents@2.3.3 OK for: chokidar@3.5.3 want: ~2.3.2
139 silly placeDep ROOT glob-parent@5.1.2 OK for: chokidar@3.5.3 want: ~5.1.2
140 silly placeDep ROOT is-binary-path@2.1.0 OK for: chokidar@3.5.3 want: ~2.1.0
141 silly placeDep ROOT is-glob@4.0.3 OK for: chokidar@3.5.3 want: ~4.0.1
142 silly placeDep ROOT normalize-path@3.0.0 OK for: chokidar@3.5.3 want: ~3.0.0
143 silly placeDep ROOT readdirp@3.6.0 OK for: chokidar@3.5.3 want: ~3.6.0
144 silly fetch manifest normalize-path@^3.0.0
145 silly fetch manifest picomatch@^2.0.4
146 silly fetch manifest fill-range@^7.1.1
147 silly fetch manifest is-glob@^4.0.1
148 silly fetch manifest binary-extensions@^2.0.0
149 silly fetch manifest is-extglob@^2.1.1
150 silly fetch manifest picomatch@^2.2.1
151 http fetch GET 200 https://registry.npmjs.org/picomatch 8ms (cache hit)
152 http fetch GET 200 https://registry.npmjs.org/is-extglob 9ms (cache hit)
153 http fetch GET 200 https://registry.npmjs.org/fill-range 12ms (cache hit)
154 http fetch GET 200 https://registry.npmjs.org/binary-extensions 13ms (cache hit)
155 http fetch GET 200 https://registry.npmjs.org/picomatch 14ms (cache hit)
156 silly placeDep ROOT picomatch@2.3.1 OK for: anymatch@3.1.3 want: ^2.0.4
157 silly placeDep ROOT fill-range@7.1.1 OK for: braces@3.0.3 want: ^7.1.1
158 silly fetch manifest to-regex-range@^5.0.1
159 http fetch GET 200 https://registry.npmjs.org/to-regex-range 3ms (cache hit)
160 silly placeDep ROOT to-regex-range@5.0.1 OK for: fill-range@7.1.1 want: ^5.0.1
161 silly fetch manifest is-number@^7.0.0
162 http fetch GET 200 https://registry.npmjs.org/is-number 2ms (cache hit)
163 silly placeDep ROOT locate-path@6.0.0 OK for: find-up@5.0.0 want: ^6.0.0
164 silly placeDep ROOT path-exists@4.0.0 OK for: find-up@5.0.0 want: ^4.0.0
165 silly fetch manifest p-locate@^5.0.0
166 http fetch GET 200 https://registry.npmjs.org/p-locate 3ms (cache hit)
167 silly placeDep ROOT fs.realpath@1.0.0 OK for: glob@8.1.0 want: ^1.0.0
168 silly placeDep ROOT inflight@1.0.6 OK for: glob@8.1.0 want: ^1.0.4
169 silly placeDep ROOT binary-extensions@2.3.0 OK for: is-binary-path@2.1.0 want: ^2.0.0
170 silly placeDep ROOT is-extglob@2.1.1 OK for: is-glob@4.0.3 want: ^2.1.1
171 silly placeDep ROOT argparse@2.0.1 OK for: js-yaml@4.1.0 want: ^2.0.1
172 silly placeDep ROOT p-locate@5.0.0 OK for: locate-path@6.0.0 want: ^5.0.0
173 silly fetch manifest p-limit@^3.0.2
174 http fetch GET 200 https://registry.npmjs.org/p-limit 4ms (cache hit)
175 silly placeDep ROOT chalk@4.1.2 OK for: log-symbols@4.1.0 want: ^4.1.0
176 silly placeDep ROOT is-unicode-supported@0.1.0 OK for: log-symbols@4.1.0 want: ^0.1.0
177 silly fetch manifest ansi-styles@^4.1.0
178 silly fetch manifest supports-color@^7.1.0
179 http fetch GET 200 https://registry.npmjs.org/ansi-styles 9ms (cache hit)
180 silly placeDep ROOT ansi-styles@4.3.0 OK for: chalk@4.1.2 want: ^4.1.0
181 silly placeDep node_modules/chalk supports-color@7.2.0 OK for: chalk@4.1.2 want: ^7.1.0
182 silly fetch manifest color-convert@^2.0.1
183 http fetch GET 200 https://registry.npmjs.org/color-convert 3ms (cache hit)
184 silly placeDep ROOT color-convert@2.0.1 OK for: ansi-styles@4.3.0 want: ^2.0.1
185 silly fetch manifest color-name@~1.1.4
186 http fetch GET 200 https://registry.npmjs.org/color-name 4ms (cache hit)
187 silly placeDep ROOT color-name@1.1.4 OK for: color-convert@2.0.1 want: ~1.1.4
188 silly placeDep ROOT brace-expansion@2.0.1 OK for: minimatch@5.0.1 want: ^2.0.1
189 silly fetch manifest balanced-match@^1.0.0
190 http fetch GET 200 https://registry.npmjs.org/balanced-match 3ms (cache hit)
191 silly placeDep ROOT balanced-match@1.0.2 OK for: brace-expansion@2.0.1 want: ^1.0.0
192 silly placeDep ROOT p-limit@3.1.0 OK for: p-locate@5.0.0 want: ^3.0.2
193 silly fetch manifest yocto-queue@^0.1.0
194 http fetch GET 200 https://registry.npmjs.org/yocto-queue 3ms (cache hit)
195 silly placeDep ROOT yocto-queue@0.1.0 OK for: p-limit@3.1.0 want: ^0.1.0
196 silly placeDep ROOT randombytes@2.1.0 OK for: serialize-javascript@6.0.0 want: ^2.1.0
197 silly placeDep ROOT has-flag@4.0.0 OK for: supports-color@8.1.1 want: ^4.0.0
198 silly placeDep ROOT is-number@7.0.0 OK for: to-regex-range@5.0.1 want: ^7.0.0
199 silly placeDep ROOT cliui@7.0.4 OK for: yargs@16.2.0 want: ^7.0.2
200 silly placeDep ROOT escalade@3.1.2 OK for: yargs@16.2.0 want: ^3.1.1
201 silly placeDep ROOT get-caller-file@2.0.5 OK for: yargs@16.2.0 want: ^2.0.5
202 silly placeDep ROOT require-directory@2.1.1 OK for: yargs@16.2.0 want: ^2.1.1
203 silly placeDep ROOT string-width@4.2.3 OK for: yargs@16.2.0 want: ^4.2.0
204 silly placeDep ROOT y18n@5.0.8 OK for: yargs@16.2.0 want: ^5.0.5
205 silly fetch manifest strip-ansi@^6.0.0
206 silly fetch manifest wrap-ansi@^7.0.0
207 silly fetch manifest emoji-regex@^8.0.0
208 silly fetch manifest is-fullwidth-code-point@^3.0.0
209 silly fetch manifest strip-ansi@^6.0.1
210 http fetch GET 200 https://registry.npmjs.org/emoji-regex 10ms (cache hit)
211 http fetch GET 200 https://registry.npmjs.org/is-fullwidth-code-point 14ms (cache hit)
212 http fetch GET 200 https://registry.npmjs.org/strip-ansi 16ms (cache hit)
213 http fetch GET 200 https://registry.npmjs.org/wrap-ansi 16ms (cache hit)
214 http fetch GET 200 https://registry.npmjs.org/strip-ansi 15ms (cache hit)
215 silly placeDep ROOT strip-ansi@6.0.1 OK for: cliui@7.0.4 want: ^6.0.0
216 silly placeDep ROOT wrap-ansi@7.0.0 OK for: cliui@7.0.4 want: ^7.0.0
217 silly fetch manifest ansi-regex@^5.0.1
218 http fetch GET 200 https://registry.npmjs.org/ansi-regex 370ms (cache miss)
219 silly placeDep ROOT emoji-regex@8.0.0 OK for: string-width@4.2.3 want: ^8.0.0
220 silly placeDep ROOT is-fullwidth-code-point@3.0.0 OK for: string-width@4.2.3 want: ^3.0.0
221 silly placeDep ROOT ansi-regex@5.0.1 OK for: strip-ansi@6.0.1 want: ^5.0.1
222 silly placeDep ROOT camelcase@6.3.0 OK for: yargs-unparser@2.0.0 want: ^6.0.0
223 silly placeDep ROOT decamelize@4.0.0 OK for: yargs-unparser@2.0.0 want: ^4.0.0
224 silly placeDep ROOT flat@5.0.2 OK for: yargs-unparser@2.0.0 want: ^5.0.2
225 silly placeDep ROOT is-plain-obj@2.1.0 OK for: yargs-unparser@2.0.0 want: ^2.1.0
226 silly placeDep node_modules/mocha/node_modules/debug ms@2.1.2 OK for: debug@4.3.4 want: 2.1.2
227 silly reify moves {}
228 silly audit bulk request {
228 silly audit   accepts: [ '1.3.8' ],
228 silly audit   'array-flatten': [ '1.1.1' ],
228 silly audit   asap: [ '2.0.6' ],
228 silly audit   asynckit: [ '0.4.0' ],
228 silly audit   'body-parser': [ '1.20.2' ],
228 silly audit   bytes: [ '3.1.2' ],
228 silly audit   'call-bind': [ '1.0.7' ],
228 silly audit   'combined-stream': [ '1.0.8' ],
228 silly audit   'component-emitter': [ '1.3.1' ],
228 silly audit   'content-disposition': [ '0.5.4' ],
228 silly audit   'content-type': [ '1.0.5' ],
228 silly audit   cookie: [ '0.6.0' ],
228 silly audit   'cookie-signature': [ '1.0.6' ],
228 silly audit   cookiejar: [ '2.1.4' ],
228 silly audit   cors: [ '2.8.5' ],
228 silly audit   debug: [ '2.6.9', '4.3.5', '4.3.4' ],
228 silly audit   'define-data-property': [ '1.1.4' ],
228 silly audit   'delayed-stream': [ '1.0.0' ],
228 silly audit   depd: [ '2.0.0' ],
228 silly audit   destroy: [ '1.2.0' ],
228 silly audit   dezalgo: [ '1.0.4' ],
228 silly audit   'ee-first': [ '1.1.1' ],
228 silly audit   encodeurl: [ '1.0.2' ],
228 silly audit   'es-define-property': [ '1.0.0' ],
228 silly audit   'es-errors': [ '1.3.0' ],
228 silly audit   'escape-html': [ '1.0.3' ],
228 silly audit   etag: [ '1.8.1' ],
228 silly audit   express: [ '4.19.2' ],
228 silly audit   'fast-safe-stringify': [ '2.1.1' ],
228 silly audit   finalhandler: [ '1.2.0' ],
228 silly audit   'form-data': [ '4.0.0' ],
228 silly audit   formidable: [ '3.5.1' ],
228 silly audit   forwarded: [ '0.2.0' ],
228 silly audit   fresh: [ '0.5.2' ],
228 silly audit   'function-bind': [ '1.1.2' ],
228 silly audit   'get-intrinsic': [ '1.2.4' ],
228 silly audit   gopd: [ '1.0.1' ],
228 silly audit   'has-property-descriptors': [ '1.0.2' ],
228 silly audit   'has-proto': [ '1.0.3' ],
228 silly audit   'has-symbols': [ '1.0.3' ],
228 silly audit   hasown: [ '2.0.2' ],
228 silly audit   hexoid: [ '1.0.0' ],
228 silly audit   'http-errors': [ '2.0.0' ],
228 silly audit   'iconv-lite': [ '0.4.24' ],
228 silly audit   inherits: [ '2.0.4' ],
228 silly audit   'ipaddr.js': [ '1.9.1' ],
228 silly audit   'media-typer': [ '0.3.0' ],
228 silly audit   'merge-descriptors': [ '1.0.1' ],
228 silly audit   methods: [ '1.1.2' ],
228 silly audit   mime: [ '1.6.0', '2.6.0' ],
228 silly audit   'mime-db': [ '1.52.0' ],
228 silly audit   'mime-types': [ '2.1.35' ],
228 silly audit   ms: [ '2.0.0', '2.1.3', '2.1.2' ],
228 silly audit   negotiator: [ '0.6.3' ],
228 silly audit   'object-assign': [ '4.1.1' ],
228 silly audit   'object-inspect': [ '1.13.1' ],
228 silly audit   'on-finished': [ '2.4.1' ],
228 silly audit   once: [ '1.4.0' ],
228 silly audit   parseurl: [ '1.3.3' ],
228 silly audit   'path-to-regexp': [ '0.1.7' ],
228 silly audit   'proxy-addr': [ '2.0.7' ],
228 silly audit   qs: [ '6.11.0' ],
228 silly audit   'range-parser': [ '1.2.1' ],
228 silly audit   'raw-body': [ '2.5.2' ],
228 silly audit   'safe-buffer': [ '5.2.1' ],
228 silly audit   'safer-buffer': [ '2.1.2' ],
228 silly audit   send: [ '0.18.0' ],
228 silly audit   'serve-static': [ '1.15.0' ],
228 silly audit   'set-function-length': [ '1.2.2' ],
228 silly audit   setprototypeof: [ '1.2.0' ],
228 silly audit   'side-channel': [ '1.0.6' ],
228 silly audit   statuses: [ '2.0.1' ],
228 silly audit   superagent: [ '9.0.2' ],
228 silly audit   supertest: [ '7.0.0' ],
228 silly audit   toidentifier: [ '1.0.1' ],
228 silly audit   'type-is': [ '1.6.18' ],
228 silly audit   unpipe: [ '1.0.0' ],
228 silly audit   'utils-merge': [ '1.0.1' ],
228 silly audit   vary: [ '1.1.2' ],
228 silly audit   wrappy: [ '1.0.2' ],
228 silly audit   mocha: [ '10.4.0' ],
228 silly audit   'ansi-colors': [ '4.1.1' ],
228 silly audit   'browser-stdout': [ '1.3.1' ],
228 silly audit   chokidar: [ '3.5.3' ],
228 silly audit   diff: [ '5.0.0' ],
228 silly audit   'escape-string-regexp': [ '4.0.0' ],
228 silly audit   'find-up': [ '5.0.0' ],
228 silly audit   glob: [ '8.1.0' ],
228 silly audit   he: [ '1.2.0' ],
228 silly audit   'js-yaml': [ '4.1.0' ],
228 silly audit   'log-symbols': [ '4.1.0' ],
228 silly audit   minimatch: [ '5.0.1' ],
228 silly audit   'serialize-javascript': [ '6.0.0' ],
228 silly audit   'strip-json-comments': [ '3.1.1' ],
228 silly audit   'supports-color': [ '8.1.1', '7.2.0' ],
228 silly audit   workerpool: [ '6.2.1' ],
228 silly audit   yargs: [ '16.2.0' ],
228 silly audit   'yargs-parser': [ '20.2.4' ],
228 silly audit   'yargs-unparser': [ '2.0.0' ],
228 silly audit   anymatch: [ '3.1.3' ],
228 silly audit   braces: [ '3.0.3' ],
228 silly audit   fsevents: [ '2.3.3' ],
228 silly audit   'glob-parent': [ '5.1.2' ],
228 silly audit   'is-binary-path': [ '2.1.0' ],
228 silly audit   'is-glob': [ '4.0.3' ],
228 silly audit   'normalize-path': [ '3.0.0' ],
228 silly audit   readdirp: [ '3.6.0' ],
228 silly audit   picomatch: [ '2.3.1' ],
228 silly audit   'fill-range': [ '7.1.1' ],
228 silly audit   'to-regex-range': [ '5.0.1' ],
228 silly audit   'locate-path': [ '6.0.0' ],
228 silly audit   'path-exists': [ '4.0.0' ],
228 silly audit   'fs.realpath': [ '1.0.0' ],
228 silly audit   inflight: [ '1.0.6' ],
228 silly audit   'binary-extensions': [ '2.3.0' ],
228 silly audit   'is-extglob': [ '2.1.1' ],
228 silly audit   argparse: [ '2.0.1' ],
228 silly audit   'p-locate': [ '5.0.0' ],
228 silly audit   chalk: [ '4.1.2' ],
228 silly audit   'is-unicode-supported': [ '0.1.0' ],
228 silly audit   'ansi-styles': [ '4.3.0' ],
228 silly audit   'color-convert': [ '2.0.1' ],
228 silly audit   'color-name': [ '1.1.4' ],
228 silly audit   'brace-expansion': [ '2.0.1' ],
228 silly audit   'balanced-match': [ '1.0.2' ],
228 silly audit   'p-limit': [ '3.1.0' ],
228 silly audit   'yocto-queue': [ '0.1.0' ],
228 silly audit   randombytes: [ '2.1.0' ],
228 silly audit   'has-flag': [ '4.0.0' ],
228 silly audit   'is-number': [ '7.0.0' ],
228 silly audit   cliui: [ '7.0.4' ],
228 silly audit   escalade: [ '3.1.2' ],
228 silly audit   'get-caller-file': [ '2.0.5' ],
228 silly audit   'require-directory': [ '2.1.1' ],
228 silly audit   'string-width': [ '4.2.3' ],
228 silly audit   y18n: [ '5.0.8' ],
228 silly audit   'strip-ansi': [ '6.0.1' ],
228 silly audit   'wrap-ansi': [ '7.0.0' ],
228 silly audit   'emoji-regex': [ '8.0.0' ],
228 silly audit   'is-fullwidth-code-point': [ '3.0.0' ],
228 silly audit   'ansi-regex': [ '5.0.1' ],
228 silly audit   camelcase: [ '6.3.0' ],
228 silly audit   decamelize: [ '4.0.0' ],
228 silly audit   flat: [ '5.0.2' ],
228 silly audit   'is-plain-obj': [ '2.1.0' ]
228 silly audit }
229 verbose reify failed optional dependency C:\Users\andro\Documents\BACKEND_NODEJS\node_modules\fsevents
230 silly reify mark deleted [
230 silly reify   'C:\\Users\\andro\\Documents\\BACKEND_NODEJS\\node_modules\\fsevents'
230 silly reify ]
231 silly tarball no local data for is-plain-obj@https://registry.npmjs.org/is-plain-obj/-/is-plain-obj-2.1.0.tgz. Extracting by manifest.
232 silly tarball no local data for flat@https://registry.npmjs.org/flat/-/flat-5.0.2.tgz. Extracting by manifest.
233 silly tarball no local data for decamelize@https://registry.npmjs.org/decamelize/-/decamelize-4.0.0.tgz. Extracting by manifest.
234 silly tarball no local data for ansi-regex@https://registry.npmjs.org/ansi-regex/-/ansi-regex-5.0.1.tgz. Extracting by manifest.
235 silly tarball no local data for is-fullwidth-code-point@https://registry.npmjs.org/is-fullwidth-code-point/-/is-fullwidth-code-point-3.0.0.tgz. Extracting by manifest.
236 silly tarball no local data for camelcase@https://registry.npmjs.org/camelcase/-/camelcase-6.3.0.tgz. Extracting by manifest.
237 silly tarball no local data for emoji-regex@https://registry.npmjs.org/emoji-regex/-/emoji-regex-8.0.0.tgz. Extracting by manifest.
238 silly tarball no local data for wrap-ansi@https://registry.npmjs.org/wrap-ansi/-/wrap-ansi-7.0.0.tgz. Extracting by manifest.
239 silly tarball no local data for strip-ansi@https://registry.npmjs.org/strip-ansi/-/strip-ansi-6.0.1.tgz. Extracting by manifest.
240 silly tarball no local data for require-directory@https://registry.npmjs.org/require-directory/-/require-directory-2.1.1.tgz. Extracting by manifest.
241 silly tarball no local data for y18n@https://registry.npmjs.org/y18n/-/y18n-5.0.8.tgz. Extracting by manifest.
242 silly tarball no local data for string-width@https://registry.npmjs.org/string-width/-/string-width-4.2.3.tgz. Extracting by manifest.
243 silly tarball no local data for escalade@https://registry.npmjs.org/escalade/-/escalade-3.1.2.tgz. Extracting by manifest.
244 silly tarball no local data for cliui@https://registry.npmjs.org/cliui/-/cliui-7.0.4.tgz. Extracting by manifest.
245 silly tarball no local data for get-caller-file@https://registry.npmjs.org/get-caller-file/-/get-caller-file-2.0.5.tgz. Extracting by manifest.
246 silly tarball no local data for is-number@https://registry.npmjs.org/is-number/-/is-number-7.0.0.tgz. Extracting by manifest.
247 silly tarball no local data for has-flag@https://registry.npmjs.org/has-flag/-/has-flag-4.0.0.tgz. Extracting by manifest.
248 silly tarball no local data for yocto-queue@https://registry.npmjs.org/yocto-queue/-/yocto-queue-0.1.0.tgz. Extracting by manifest.
249 silly tarball no local data for randombytes@https://registry.npmjs.org/randombytes/-/randombytes-2.1.0.tgz. Extracting by manifest.
250 silly tarball no local data for p-limit@https://registry.npmjs.org/p-limit/-/p-limit-3.1.0.tgz. Extracting by manifest.
251 silly tarball no local data for brace-expansion@https://registry.npmjs.org/brace-expansion/-/brace-expansion-2.0.1.tgz. Extracting by manifest.
252 silly tarball no local data for color-name@https://registry.npmjs.org/color-name/-/color-name-1.1.4.tgz. Extracting by manifest.
253 silly tarball no local data for color-convert@https://registry.npmjs.org/color-convert/-/color-convert-2.0.1.tgz. Extracting by manifest.
254 silly tarball no local data for ansi-styles@https://registry.npmjs.org/ansi-styles/-/ansi-styles-4.3.0.tgz. Extracting by manifest.
255 silly tarball no local data for balanced-match@https://registry.npmjs.org/balanced-match/-/balanced-match-1.0.2.tgz. Extracting by manifest.
256 silly tarball no local data for is-unicode-supported@https://registry.npmjs.org/is-unicode-supported/-/is-unicode-supported-0.1.0.tgz. Extracting by manifest.
257 silly tarball no local data for chalk@https://registry.npmjs.org/chalk/-/chalk-4.1.2.tgz. Extracting by manifest.
258 silly tarball no local data for p-locate@https://registry.npmjs.org/p-locate/-/p-locate-5.0.0.tgz. Extracting by manifest.
259 silly tarball no local data for is-extglob@https://registry.npmjs.org/is-extglob/-/is-extglob-2.1.1.tgz. Extracting by manifest.
260 silly tarball no local data for binary-extensions@https://registry.npmjs.org/binary-extensions/-/binary-extensions-2.3.0.tgz. Extracting by manifest.
261 silly tarball no local data for argparse@https://registry.npmjs.org/argparse/-/argparse-2.0.1.tgz. Extracting by manifest.
262 silly tarball no local data for inflight@https://registry.npmjs.org/inflight/-/inflight-1.0.6.tgz. Extracting by manifest.
263 silly tarball no local data for fs.realpath@https://registry.npmjs.org/fs.realpath/-/fs.realpath-1.0.0.tgz. Extracting by manifest.
264 silly tarball no local data for path-exists@https://registry.npmjs.org/path-exists/-/path-exists-4.0.0.tgz. Extracting by manifest.
265 silly tarball no local data for to-regex-range@https://registry.npmjs.org/to-regex-range/-/to-regex-range-5.0.1.tgz. Extracting by manifest.
266 silly tarball no local data for locate-path@https://registry.npmjs.org/locate-path/-/locate-path-6.0.0.tgz. Extracting by manifest.
267 silly tarball no local data for fill-range@https://registry.npmjs.org/fill-range/-/fill-range-7.1.1.tgz. Extracting by manifest.
268 silly tarball no local data for picomatch@https://registry.npmjs.org/picomatch/-/picomatch-2.3.1.tgz. Extracting by manifest.
269 silly tarball no local data for readdirp@https://registry.npmjs.org/readdirp/-/readdirp-3.6.0.tgz. Extracting by manifest.
270 silly tarball no local data for is-binary-path@https://registry.npmjs.org/is-binary-path/-/is-binary-path-2.1.0.tgz. Extracting by manifest.
271 silly tarball no local data for normalize-path@https://registry.npmjs.org/normalize-path/-/normalize-path-3.0.0.tgz. Extracting by manifest.
272 silly tarball no local data for is-glob@https://registry.npmjs.org/is-glob/-/is-glob-4.0.3.tgz. Extracting by manifest.
273 silly tarball no local data for braces@https://registry.npmjs.org/braces/-/braces-3.0.3.tgz. Extracting by manifest.
274 silly tarball no local data for glob-parent@https://registry.npmjs.org/glob-parent/-/glob-parent-5.1.2.tgz. Extracting by manifest.
275 silly tarball no local data for anymatch@https://registry.npmjs.org/anymatch/-/anymatch-3.1.3.tgz. Extracting by manifest.
276 silly tarball no local data for yargs-parser@https://registry.npmjs.org/yargs-parser/-/yargs-parser-20.2.4.tgz. Extracting by manifest.
277 silly tarball no local data for yargs@https://registry.npmjs.org/yargs/-/yargs-16.2.0.tgz. Extracting by manifest.
278 silly tarball no local data for yargs-unparser@https://registry.npmjs.org/yargs-unparser/-/yargs-unparser-2.0.0.tgz. Extracting by manifest.
279 silly tarball no local data for workerpool@https://registry.npmjs.org/workerpool/-/workerpool-6.2.1.tgz. Extracting by manifest.
280 silly tarball no local data for strip-json-comments@https://registry.npmjs.org/strip-json-comments/-/strip-json-comments-3.1.1.tgz. Extracting by manifest.
281 silly tarball no local data for supports-color@https://registry.npmjs.org/supports-color/-/supports-color-8.1.1.tgz. Extracting by manifest.
282 silly tarball no local data for minimatch@https://registry.npmjs.org/minimatch/-/minimatch-5.0.1.tgz. Extracting by manifest.
283 silly tarball no local data for serialize-javascript@https://registry.npmjs.org/serialize-javascript/-/serialize-javascript-6.0.0.tgz. Extracting by manifest.
284 silly tarball no local data for log-symbols@https://registry.npmjs.org/log-symbols/-/log-symbols-4.1.0.tgz. Extracting by manifest.
285 silly tarball no local data for he@https://registry.npmjs.org/he/-/he-1.2.0.tgz. Extracting by manifest.
286 silly tarball no local data for js-yaml@https://registry.npmjs.org/js-yaml/-/js-yaml-4.1.0.tgz. Extracting by manifest.
287 silly tarball no local data for glob@https://registry.npmjs.org/glob/-/glob-8.1.0.tgz. Extracting by manifest.
288 silly tarball no local data for find-up@https://registry.npmjs.org/find-up/-/find-up-5.0.0.tgz. Extracting by manifest.
289 silly tarball no local data for escape-string-regexp@https://registry.npmjs.org/escape-string-regexp/-/escape-string-regexp-4.0.0.tgz. Extracting by manifest.
290 silly tarball no local data for diff@https://registry.npmjs.org/diff/-/diff-5.0.0.tgz. Extracting by manifest.
291 silly tarball no local data for chokidar@https://registry.npmjs.org/chokidar/-/chokidar-3.5.3.tgz. Extracting by manifest.
292 silly tarball no local data for browser-stdout@https://registry.npmjs.org/browser-stdout/-/browser-stdout-1.3.1.tgz. Extracting by manifest.
293 silly tarball no local data for ansi-colors@https://registry.npmjs.org/ansi-colors/-/ansi-colors-4.1.1.tgz. Extracting by manifest.
294 silly tarball no local data for mocha@https://registry.npmjs.org/mocha/-/mocha-10.4.0.tgz. Extracting by manifest.
295 silly tarball no local data for supports-color@https://registry.npmjs.org/supports-color/-/supports-color-7.2.0.tgz. Extracting by manifest.
296 silly tarball no local data for debug@https://registry.npmjs.org/debug/-/debug-4.3.4.tgz. Extracting by manifest.
297 http fetch POST 200 https://registry.npmjs.org/-/npm/v1/security/advisories/bulk 216ms
298 silly audit report {}
299 http fetch GET 200 https://registry.npmjs.org/get-caller-file/-/get-caller-file-2.0.5.tgz 300ms (cache miss)
300 http fetch GET 200 https://registry.npmjs.org/ansi-regex/-/ansi-regex-5.0.1.tgz 345ms (cache miss)
301 http fetch GET 200 https://registry.npmjs.org/is-plain-obj/-/is-plain-obj-2.1.0.tgz 351ms (cache miss)
302 http fetch GET 200 https://registry.npmjs.org/strip-ansi/-/strip-ansi-6.0.1.tgz 357ms (cache miss)
303 http fetch GET 200 https://registry.npmjs.org/decamelize/-/decamelize-4.0.0.tgz 398ms (cache miss)
304 http fetch GET 200 https://registry.npmjs.org/is-number/-/is-number-7.0.0.tgz 392ms (cache miss)
305 http fetch GET 200 https://registry.npmjs.org/cliui/-/cliui-7.0.4.tgz 412ms (cache miss)
306 http fetch GET 200 https://registry.npmjs.org/y18n/-/y18n-5.0.8.tgz 448ms (cache miss)
307 http fetch GET 200 https://registry.npmjs.org/require-directory/-/require-directory-2.1.1.tgz 450ms (cache miss)
308 http fetch GET 200 https://registry.npmjs.org/flat/-/flat-5.0.2.tgz 456ms (cache miss)
309 http fetch GET 200 https://registry.npmjs.org/is-fullwidth-code-point/-/is-fullwidth-code-point-3.0.0.tgz 456ms (cache miss)
310 http fetch GET 200 https://registry.npmjs.org/has-flag/-/has-flag-4.0.0.tgz 452ms (cache miss)
311 http fetch GET 200 https://registry.npmjs.org/string-width/-/string-width-4.2.3.tgz 457ms (cache miss)
312 http fetch GET 200 https://registry.npmjs.org/yocto-queue/-/yocto-queue-0.1.0.tgz 461ms (cache miss)
313 http fetch GET 200 https://registry.npmjs.org/emoji-regex/-/emoji-regex-8.0.0.tgz 466ms (cache miss)
314 http fetch GET 200 https://registry.npmjs.org/escalade/-/escalade-3.1.2.tgz 466ms (cache miss)
315 http fetch GET 200 https://registry.npmjs.org/randombytes/-/randombytes-2.1.0.tgz 464ms (cache miss)
316 http fetch GET 200 https://registry.npmjs.org/wrap-ansi/-/wrap-ansi-7.0.0.tgz 470ms (cache miss)
317 http fetch GET 200 https://registry.npmjs.org/camelcase/-/camelcase-6.3.0.tgz 473ms (cache miss)
318 http fetch GET 200 https://registry.npmjs.org/color-name/-/color-name-1.1.4.tgz 494ms (cache miss)
319 http fetch GET 200 https://registry.npmjs.org/p-limit/-/p-limit-3.1.0.tgz 495ms (cache miss)
320 http fetch GET 200 https://registry.npmjs.org/brace-expansion/-/brace-expansion-2.0.1.tgz 495ms (cache miss)
321 http fetch GET 200 https://registry.npmjs.org/is-unicode-supported/-/is-unicode-supported-0.1.0.tgz 521ms (cache miss)
322 http fetch GET 200 https://registry.npmjs.org/color-convert/-/color-convert-2.0.1.tgz 536ms (cache miss)
323 http fetch GET 200 https://registry.npmjs.org/balanced-match/-/balanced-match-1.0.2.tgz 540ms (cache miss)
324 http fetch GET 200 https://registry.npmjs.org/ansi-styles/-/ansi-styles-4.3.0.tgz 544ms (cache miss)
325 http fetch GET 200 https://registry.npmjs.org/p-locate/-/p-locate-5.0.0.tgz 553ms (cache miss)
326 http fetch GET 200 https://registry.npmjs.org/is-extglob/-/is-extglob-2.1.1.tgz 564ms (cache miss)
327 http fetch GET 200 https://registry.npmjs.org/inflight/-/inflight-1.0.6.tgz 563ms (cache miss)
328 warn deprecated inflight@1.0.6: This module is not supported, and leaks memory. Do not use it. Check out lru-cache if you want a good and tested way to coalesce async requests by a key value, which is much more comprehensive and powerful.
329 http fetch GET 200 https://registry.npmjs.org/binary-extensions/-/binary-extensions-2.3.0.tgz 575ms (cache miss)
330 http fetch GET 200 https://registry.npmjs.org/chalk/-/chalk-4.1.2.tgz 595ms (cache miss)
331 http fetch GET 200 https://registry.npmjs.org/path-exists/-/path-exists-4.0.0.tgz 593ms (cache miss)
332 http fetch GET 200 https://registry.npmjs.org/fill-range/-/fill-range-7.1.1.tgz 609ms (cache miss)
333 http fetch GET 200 https://registry.npmjs.org/to-regex-range/-/to-regex-range-5.0.1.tgz 610ms (cache miss)
334 http fetch GET 200 https://registry.npmjs.org/locate-path/-/locate-path-6.0.0.tgz 611ms (cache miss)
335 http fetch GET 200 https://registry.npmjs.org/fs.realpath/-/fs.realpath-1.0.0.tgz 642ms (cache miss)
336 http fetch GET 200 https://registry.npmjs.org/normalize-path/-/normalize-path-3.0.0.tgz 665ms (cache miss)
337 http fetch GET 200 https://registry.npmjs.org/readdirp/-/readdirp-3.6.0.tgz 666ms (cache miss)
338 http fetch GET 200 https://registry.npmjs.org/is-binary-path/-/is-binary-path-2.1.0.tgz 666ms (cache miss)
339 http fetch GET 200 https://registry.npmjs.org/glob-parent/-/glob-parent-5.1.2.tgz 674ms (cache miss)
340 http fetch GET 200 https://registry.npmjs.org/anymatch/-/anymatch-3.1.3.tgz 695ms (cache miss)
341 http fetch GET 200 https://registry.npmjs.org/is-glob/-/is-glob-4.0.3.tgz 697ms (cache miss)
342 http fetch GET 200 https://registry.npmjs.org/strip-json-comments/-/strip-json-comments-3.1.1.tgz 743ms (cache miss)
343 http fetch GET 200 https://registry.npmjs.org/braces/-/braces-3.0.3.tgz 747ms (cache miss)
344 http fetch GET 200 https://registry.npmjs.org/yargs-unparser/-/yargs-unparser-2.0.0.tgz 747ms (cache miss)
345 http fetch GET 200 https://registry.npmjs.org/picomatch/-/picomatch-2.3.1.tgz 762ms (cache miss)
346 http fetch GET 200 https://registry.npmjs.org/log-symbols/-/log-symbols-4.1.0.tgz 786ms (cache miss)
347 http fetch GET 200 https://registry.npmjs.org/argparse/-/argparse-2.0.1.tgz 809ms (cache miss)
348 http fetch GET 200 https://registry.npmjs.org/supports-color/-/supports-color-8.1.1.tgz 845ms (cache miss)
349 http fetch GET 200 https://registry.npmjs.org/serialize-javascript/-/serialize-javascript-6.0.0.tgz 845ms (cache miss)
350 http fetch GET 200 https://registry.npmjs.org/escape-string-regexp/-/escape-string-regexp-4.0.0.tgz 845ms (cache miss)
351 http fetch GET 200 https://registry.npmjs.org/find-up/-/find-up-5.0.0.tgz 892ms (cache miss)
352 http fetch GET 200 https://registry.npmjs.org/minimatch/-/minimatch-5.0.1.tgz 925ms (cache miss)
353 http fetch GET 200 https://registry.npmjs.org/yargs-parser/-/yargs-parser-20.2.4.tgz 928ms (cache miss)
354 http fetch GET 200 https://registry.npmjs.org/browser-stdout/-/browser-stdout-1.3.1.tgz 917ms (cache miss)
355 http fetch GET 200 https://registry.npmjs.org/supports-color/-/supports-color-7.2.0.tgz 979ms (cache miss)
356 http fetch GET 200 https://registry.npmjs.org/glob/-/glob-8.1.0.tgz 988ms (cache miss)
357 warn deprecated glob@8.1.0: Glob versions prior to v9 are no longer supported
358 http fetch GET 200 https://registry.npmjs.org/debug/-/debug-4.3.4.tgz 1030ms (cache miss)
359 http fetch GET 200 https://registry.npmjs.org/ansi-colors/-/ansi-colors-4.1.1.tgz 1031ms (cache miss)
360 http fetch GET 200 https://registry.npmjs.org/chokidar/-/chokidar-3.5.3.tgz 1169ms (cache miss)
361 http fetch GET 200 https://registry.npmjs.org/js-yaml/-/js-yaml-4.1.0.tgz 1353ms (cache miss)
362 http fetch GET 200 https://registry.npmjs.org/diff/-/diff-5.0.0.tgz 1397ms (cache miss)
363 http fetch GET 200 https://registry.npmjs.org/mocha/-/mocha-10.4.0.tgz 1710ms (cache miss)
364 http fetch GET 200 https://registry.npmjs.org/workerpool/-/workerpool-6.2.1.tgz 2310ms (cache miss)
365 http fetch GET 200 https://registry.npmjs.org/yargs/-/yargs-16.2.0.tgz 2325ms (cache miss)
366 http fetch GET 200 https://registry.npmjs.org/he/-/he-1.2.0.tgz 2758ms (cache miss)
367 silly ADD node_modules/is-plain-obj
368 silly ADD node_modules/flat
369 silly ADD node_modules/decamelize
370 silly ADD node_modules/camelcase
371 silly ADD node_modules/ansi-regex
372 silly ADD node_modules/is-fullwidth-code-point
373 silly ADD node_modules/emoji-regex
374 silly ADD node_modules/wrap-ansi
375 silly ADD node_modules/strip-ansi
376 silly ADD node_modules/y18n
377 silly ADD node_modules/string-width
378 silly ADD node_modules/require-directory
379 silly ADD node_modules/get-caller-file
380 silly ADD node_modules/escalade
381 silly ADD node_modules/cliui
382 silly ADD node_modules/is-number
383 silly ADD node_modules/has-flag
384 silly ADD node_modules/randombytes
385 silly ADD node_modules/yocto-queue
386 silly ADD node_modules/p-limit
387 silly ADD node_modules/balanced-match
388 silly ADD node_modules/brace-expansion
389 silly ADD node_modules/color-name
390 silly ADD node_modules/color-convert
391 silly ADD node_modules/ansi-styles
392 silly ADD node_modules/is-unicode-supported
393 silly ADD node_modules/chalk
394 silly ADD node_modules/chalk/node_modules/supports-color
395 silly ADD node_modules/p-locate
396 silly ADD node_modules/argparse
397 silly ADD node_modules/is-extglob
398 silly ADD node_modules/binary-extensions
399 silly ADD node_modules/inflight
400 silly ADD node_modules/fs.realpath
401 silly ADD node_modules/path-exists
402 silly ADD node_modules/locate-path
403 silly ADD node_modules/to-regex-range
404 silly ADD node_modules/fill-range
405 silly ADD node_modules/picomatch
406 silly ADD node_modules/readdirp
407 silly ADD node_modules/normalize-path
408 silly ADD node_modules/is-glob
409 silly ADD node_modules/is-binary-path
410 silly ADD node_modules/glob-parent
411 silly ADD
412 silly ADD node_modules/braces
413 silly ADD node_modules/anymatch
414 silly ADD node_modules/yargs-unparser
415 silly ADD node_modules/yargs-parser
416 silly ADD node_modules/yargs
417 silly ADD node_modules/workerpool
418 silly ADD node_modules/supports-color
419 silly ADD node_modules/strip-json-comments
420 silly ADD node_modules/serialize-javascript
421 silly ADD node_modules/minimatch
422 silly ADD node_modules/log-symbols
423 silly ADD node_modules/js-yaml
424 silly ADD node_modules/he
425 silly ADD node_modules/glob
426 silly ADD node_modules/find-up
427 silly ADD node_modules/escape-string-regexp
428 silly ADD node_modules/diff
429 silly ADD node_modules/chokidar
430 silly ADD node_modules/browser-stdout
431 silly ADD node_modules/ansi-colors
432 silly ADD node_modules/mocha
433 silly ADD node_modules/mocha/node_modules/ms
434 silly ADD node_modules/mocha/node_modules/debug
435 silly ADD node_modules/mocha/node_modules/debug/node_modules/ms
436 verbose exit 0
437 info ok
