0 verbose cli C:\Program Files\nodejs\node.exe C:\Users\andro\AppData\Roaming\npm\node_modules\npm\bin\npm-cli.js
1 info using npm@10.7.0
2 info using node@v20.12.2
3 silly config:load:file:C:\Users\andro\AppData\Roaming\npm\node_modules\npm\npmrc
4 silly config:load:file:C:\Users\andro\AppData\Local\Temp\exhort_MqFnbc\.npmrc
5 silly config:load:file:C:\Users\andro\.npmrc
6 silly config:load:file:C:\Users\andro\AppData\Local\Temp\exhort_MqFnbc\etc\npmrc
7 verbose title npm i
8 verbose argv "i" "--package-lock-only" "--prefix" "C:\\Users\\andro\\AppData\\Local\\Temp\\exhort_MqFnbc"
9 verbose logfile logs-max:10 dir:c:\Users\andro\Documents\BACKEND_NODEJS\npm-cache\_logs\2024-06-05T03_53_33_986Z-
10 verbose logfile c:\Users\andro\Documents\BACKEND_NODEJS\npm-cache\_logs\2024-06-05T03_53_33_986Z-debug-0.log
11 silly logfile start cleaning logs, removing 3 files
12 silly logfile done cleaning log files
13 silly idealTree buildDeps
14 silly fetch manifest express@^4.19.2
15 http fetch GET 200 https://registry.npmjs.org/express 565ms (cache revalidated)
16 silly placeDep ROOT backend_nodejs@1.0.0 OK for: backend_nodejs@1.0.0 want: file:../../../../Documents/BACKEND_NODEJS
17 silly placeDep ROOT express@4.19.2 OK for: backend_nodejs@1.0.0 want: ^4.19.2
18 silly fetch manifest qs@6.11.0
19 silly fetch manifest depd@2.0.0
20 silly fetch manifest etag@~1.8.1
21 silly fetch manifest send@0.18.0
22 silly fetch manifest vary@~1.1.2
23 silly fetch manifest debug@2.6.9
24 silly fetch manifest fresh@0.5.2
25 silly fetch manifest cookie@0.6.0
26 silly fetch manifest accepts@~1.3.8
27 silly fetch manifest methods@~1.1.2
28 silly fetch manifest type-is@~1.6.18
29 silly fetch manifest parseurl@~1.3.3
30 silly fetch manifest statuses@2.0.1
31 silly fetch manifest encodeurl@~1.0.2
32 silly fetch manifest proxy-addr@~2.0.7
33 http fetch GET 200 https://registry.npmjs.org/vary 167ms (cache revalidated)
34 silly fetch manifest body-parser@1.20.2
35 http fetch GET 200 https://registry.npmjs.org/body-parser 145ms (cache revalidated)
36 silly fetch manifest escape-html@~1.0.3
37 http fetch GET 200 https://registry.npmjs.org/depd 450ms (cache revalidated)
38 silly fetch manifest http-errors@2.0.0
39 http fetch GET 200 https://registry.npmjs.org/encodeurl 447ms (cache revalidated)
40 silly fetch manifest on-finished@2.4.1
41 http fetch GET 200 https://registry.npmjs.org/escape-html 135ms (cache revalidated)
42 silly fetch manifest safe-buffer@5.2.1
43 http fetch GET 200 https://registry.npmjs.org/send 457ms (cache revalidated)
44 silly fetch manifest utils-merge@1.0.1
45 http fetch GET 200 https://registry.npmjs.org/qs 465ms (cache revalidated)
46 silly fetch manifest content-type@~1.0.4
47 http fetch GET 200 https://registry.npmjs.org/etag 472ms (cache revalidated)
48 silly fetch manifest finalhandler@1.2.0
49 http fetch GET 200 https://registry.npmjs.org/fresh 475ms (cache revalidated)
50 silly fetch manifest range-parser@~1.2.1
51 http fetch GET 200 https://registry.npmjs.org/debug 479ms (cache revalidated)
52 silly fetch manifest serve-static@1.15.0
53 http fetch GET 200 https://registry.npmjs.org/parseurl 483ms (cache revalidated)
54 silly fetch manifest array-flatten@1.1.1
55 http fetch GET 200 https://registry.npmjs.org/methods 491ms (cache revalidated)
56 silly fetch manifest path-to-regexp@0.1.7
57 http fetch GET 200 https://registry.npmjs.org/statuses 491ms (cache revalidated)
58 silly fetch manifest setprototypeof@1.2.0
59 http fetch GET 200 https://registry.npmjs.org/cookie 495ms (cache revalidated)
60 silly fetch manifest cookie-signature@1.0.6
61 http fetch GET 200 https://registry.npmjs.org/accepts 530ms (cache revalidated)
62 silly fetch manifest merge-descriptors@1.0.1
63 http fetch GET 200 https://registry.npmjs.org/proxy-addr 542ms (cache revalidated)
64 silly fetch manifest content-disposition@0.5.4
65 http fetch GET 200 https://registry.npmjs.org/type-is 552ms (cache revalidated)
66 http fetch GET 200 https://registry.npmjs.org/http-errors 117ms (cache revalidated)
67 http fetch GET 200 https://registry.npmjs.org/utils-merge 127ms (cache revalidated)
68 http fetch GET 200 https://registry.npmjs.org/on-finished 145ms (cache revalidated)
69 http fetch GET 200 https://registry.npmjs.org/content-type 136ms (cache revalidated)
70 http fetch GET 200 https://registry.npmjs.org/safe-buffer 152ms (cache revalidated)
71 http fetch GET 200 https://registry.npmjs.org/serve-static 133ms (cache revalidated)
72 http fetch GET 200 https://registry.npmjs.org/cookie-signature 120ms (cache revalidated)
73 http fetch GET 200 https://registry.npmjs.org/array-flatten 134ms (cache revalidated)
74 http fetch GET 200 https://registry.npmjs.org/setprototypeof 133ms (cache revalidated)
75 http fetch GET 200 https://registry.npmjs.org/finalhandler 156ms (cache revalidated)
76 http fetch GET 200 https://registry.npmjs.org/range-parser 162ms (cache revalidated)
77 http fetch GET 200 https://registry.npmjs.org/path-to-regexp 157ms (cache revalidated)
78 http fetch GET 200 https://registry.npmjs.org/merge-descriptors 137ms (cache revalidated)
79 http fetch GET 200 https://registry.npmjs.org/content-disposition 124ms (cache revalidated)
80 silly placeDep ROOT accepts@1.3.8 OK for: express@4.19.2 want: ~1.3.8
81 silly placeDep ROOT array-flatten@1.1.1 OK for: express@4.19.2 want: 1.1.1
82 silly placeDep ROOT body-parser@1.20.2 OK for: express@4.19.2 want: 1.20.2
83 silly placeDep ROOT content-disposition@0.5.4 OK for: express@4.19.2 want: 0.5.4
84 silly placeDep ROOT content-type@1.0.5 OK for: express@4.19.2 want: ~1.0.4
85 silly placeDep ROOT cookie@0.6.0 OK for: express@4.19.2 want: 0.6.0
86 silly placeDep ROOT cookie-signature@1.0.6 OK for: express@4.19.2 want: 1.0.6
87 silly placeDep ROOT debug@2.6.9 OK for: express@4.19.2 want: 2.6.9
88 silly placeDep ROOT depd@2.0.0 OK for: express@4.19.2 want: 2.0.0
89 silly placeDep ROOT encodeurl@1.0.2 OK for: express@4.19.2 want: ~1.0.2
90 silly placeDep ROOT escape-html@1.0.3 OK for: express@4.19.2 want: ~1.0.3
91 silly placeDep ROOT etag@1.8.1 OK for: express@4.19.2 want: ~1.8.1
92 silly placeDep ROOT finalhandler@1.2.0 OK for: express@4.19.2 want: 1.2.0
93 silly placeDep ROOT fresh@0.5.2 OK for: express@4.19.2 want: 0.5.2
94 silly placeDep ROOT http-errors@2.0.0 OK for: express@4.19.2 want: 2.0.0
95 silly placeDep ROOT merge-descriptors@1.0.1 OK for: express@4.19.2 want: 1.0.1
96 silly placeDep ROOT methods@1.1.2 OK for: express@4.19.2 want: ~1.1.2
97 silly placeDep ROOT on-finished@2.4.1 OK for: express@4.19.2 want: 2.4.1
98 silly placeDep ROOT parseurl@1.3.3 OK for: express@4.19.2 want: ~1.3.3
99 silly placeDep ROOT path-to-regexp@0.1.7 OK for: express@4.19.2 want: 0.1.7
100 silly placeDep ROOT proxy-addr@2.0.7 OK for: express@4.19.2 want: ~2.0.7
101 silly placeDep ROOT qs@6.11.0 OK for: express@4.19.2 want: 6.11.0
102 silly placeDep ROOT range-parser@1.2.1 OK for: express@4.19.2 want: ~1.2.1
103 silly placeDep ROOT safe-buffer@5.2.1 OK for: express@4.19.2 want: 5.2.1
104 silly placeDep ROOT send@0.18.0 OK for: express@4.19.2 want: 0.18.0
105 silly placeDep ROOT serve-static@1.15.0 OK for: express@4.19.2 want: 1.15.0
106 silly placeDep ROOT setprototypeof@1.2.0 OK for: express@4.19.2 want: 1.2.0
107 silly placeDep ROOT statuses@2.0.1 OK for: express@4.19.2 want: 2.0.1
108 silly placeDep ROOT type-is@1.6.18 OK for: express@4.19.2 want: ~1.6.18
109 silly placeDep ROOT utils-merge@1.0.1 OK for: express@4.19.2 want: 1.0.1
110 silly placeDep ROOT vary@1.1.2 OK for: express@4.19.2 want: ~1.1.2
111 silly fetch manifest mime-types@~2.1.34
112 silly fetch manifest negotiator@0.6.3
113 silly fetch manifest bytes@3.1.2
114 silly fetch manifest unpipe@1.0.0
115 silly fetch manifest destroy@1.2.0
116 silly fetch manifest raw-body@2.5.2
117 silly fetch manifest iconv-lite@0.4.24
118 silly fetch manifest content-type@~1.0.5
119 silly fetch manifest ms@2.0.0
120 silly fetch manifest unpipe@~1.0.0
121 silly fetch manifest inherits@2.0.4
122 silly fetch manifest toidentifier@1.0.1
123 silly fetch manifest ee-first@1.1.1
124 silly fetch manifest forwarded@0.2.0
125 silly fetch manifest ipaddr.js@1.9.1
126 silly fetch manifest side-channel@^1.0.4
127 http fetch GET 200 https://registry.npmjs.org/bytes 128ms (cache revalidated)
128 silly fetch manifest ms@2.1.3
129 http fetch GET 200 https://registry.npmjs.org/unpipe 143ms (cache revalidated)
130 silly fetch manifest mime@1.6.0
131 http fetch GET 200 https://registry.npmjs.org/negotiator 147ms (cache revalidated)
132 http fetch GET 200 https://registry.npmjs.org/unpipe 144ms (cache revalidated)
133 silly fetch manifest media-typer@0.3.0
134 http fetch GET 200 https://registry.npmjs.org/mime-types 154ms (cache revalidated)
135 silly fetch manifest mime-types@~2.1.24
136 http fetch GET 200 https://registry.npmjs.org/toidentifier 157ms (cache revalidated)
137 http fetch GET 200 https://registry.npmjs.org/iconv-lite 170ms (cache revalidated)
138 http fetch GET 200 https://registry.npmjs.org/destroy 173ms (cache revalidated)
139 http fetch GET 200 https://registry.npmjs.org/forwarded 167ms (cache revalidated)
140 http fetch GET 200 https://registry.npmjs.org/inherits 171ms (cache revalidated)
141 http fetch GET 200 https://registry.npmjs.org/raw-body 187ms (cache revalidated)
142 http fetch GET 200 https://registry.npmjs.org/ipaddr.js 183ms (cache revalidated)
143 http fetch GET 200 https://registry.npmjs.org/side-channel 184ms (cache revalidated)
144 http fetch GET 200 https://registry.npmjs.org/ms 190ms (cache revalidated)
145 http fetch GET 200 https://registry.npmjs.org/ee-first 196ms (cache revalidated)
146 http fetch GET 200 https://registry.npmjs.org/ms 119ms (cache revalidated)
147 http fetch GET 200 https://registry.npmjs.org/media-typer 137ms (cache revalidated)
148 http fetch GET 200 https://registry.npmjs.org/mime 141ms (cache revalidated)
149 silly placeDep ROOT mime-types@2.1.35 OK for: accepts@1.3.8 want: ~2.1.34
150 silly placeDep ROOT negotiator@0.6.3 OK for: accepts@1.3.8 want: 0.6.3
151 silly fetch manifest mime-db@1.52.0
152 http fetch GET 200 https://registry.npmjs.org/mime-db 126ms (cache revalidated)
153 silly placeDep ROOT bytes@3.1.2 OK for: body-parser@1.20.2 want: 3.1.2
154 silly placeDep ROOT destroy@1.2.0 OK for: body-parser@1.20.2 want: 1.2.0
155 silly placeDep ROOT iconv-lite@0.4.24 OK for: body-parser@1.20.2 want: 0.4.24
156 silly placeDep ROOT raw-body@2.5.2 OK for: body-parser@1.20.2 want: 2.5.2
157 silly placeDep ROOT unpipe@1.0.0 OK for: body-parser@1.20.2 want: 1.0.0
158 silly fetch manifest safer-buffer@>= 2.1.2 < 3
159 http fetch GET 200 https://registry.npmjs.org/safer-buffer 131ms (cache revalidated)
160 silly placeDep ROOT ms@2.0.0 OK for: debug@2.6.9 want: 2.0.0
161 silly placeDep ROOT inherits@2.0.4 OK for: http-errors@2.0.0 want: 2.0.4
162 silly placeDep ROOT toidentifier@1.0.1 OK for: http-errors@2.0.0 want: 1.0.1
163 silly placeDep ROOT safer-buffer@2.1.2 OK for: iconv-lite@0.4.24 want: >= 2.1.2 < 3
164 silly placeDep ROOT mime-db@1.52.0 OK for: mime-types@2.1.35 want: 1.52.0
165 silly placeDep ROOT ee-first@1.1.1 OK for: on-finished@2.4.1 want: 1.1.1
166 silly placeDep ROOT forwarded@0.2.0 OK for: proxy-addr@2.0.7 want: 0.2.0
167 silly placeDep ROOT ipaddr.js@1.9.1 OK for: proxy-addr@2.0.7 want: 1.9.1
168 silly placeDep ROOT side-channel@1.0.6 OK for: qs@6.11.0 want: ^1.0.4
169 silly fetch manifest call-bind@^1.0.7
170 silly fetch manifest es-errors@^1.3.0
171 silly fetch manifest get-intrinsic@^1.2.4
172 silly fetch manifest object-inspect@^1.13.1
173 http fetch GET 200 https://registry.npmjs.org/get-intrinsic 126ms (cache revalidated)
174 http fetch GET 200 https://registry.npmjs.org/es-errors 158ms (cache revalidated)
175 http fetch GET 200 https://registry.npmjs.org/object-inspect 160ms (cache revalidated)
176 http fetch GET 200 https://registry.npmjs.org/call-bind 217ms (cache revalidated)
177 silly placeDep ROOT mime@1.6.0 OK for: send@0.18.0 want: 1.6.0
178 silly placeDep node_modules/send ms@2.1.3 OK for: send@0.18.0 want: 2.1.3
179 silly placeDep ROOT call-bind@1.0.7 OK for: side-channel@1.0.6 want: ^1.0.7
180 silly placeDep ROOT es-errors@1.3.0 OK for: side-channel@1.0.6 want: ^1.3.0
181 silly placeDep ROOT get-intrinsic@1.2.4 OK for: side-channel@1.0.6 want: ^1.2.4
182 silly placeDep ROOT object-inspect@1.13.1 OK for: side-channel@1.0.6 want: ^1.13.1
183 silly fetch manifest es-define-property@^1.0.0
184 silly fetch manifest function-bind@^1.1.2
185 silly fetch manifest set-function-length@^1.2.1
186 silly fetch manifest has-proto@^1.0.1
187 silly fetch manifest has-symbols@^1.0.3
188 silly fetch manifest hasown@^2.0.0
189 http fetch GET 200 https://registry.npmjs.org/has-proto 131ms (cache revalidated)
190 http fetch GET 200 https://registry.npmjs.org/hasown 144ms (cache revalidated)
191 http fetch GET 200 https://registry.npmjs.org/es-define-property 158ms (cache revalidated)
192 http fetch GET 200 https://registry.npmjs.org/function-bind 159ms (cache revalidated)
193 http fetch GET 200 https://registry.npmjs.org/has-symbols 157ms (cache revalidated)
194 http fetch GET 200 https://registry.npmjs.org/set-function-length 165ms (cache revalidated)
195 silly placeDep ROOT es-define-property@1.0.0 OK for: call-bind@1.0.7 want: ^1.0.0
196 silly placeDep ROOT function-bind@1.1.2 OK for: call-bind@1.0.7 want: ^1.1.2
197 silly placeDep ROOT set-function-length@1.2.2 OK for: call-bind@1.0.7 want: ^1.2.1
198 silly fetch manifest define-data-property@^1.1.4
199 silly fetch manifest gopd@^1.0.1
200 silly fetch manifest has-property-descriptors@^1.0.2
201 http fetch GET 200 https://registry.npmjs.org/has-property-descriptors 112ms (cache revalidated)
202 http fetch GET 200 https://registry.npmjs.org/gopd 113ms (cache revalidated)
203 http fetch GET 200 https://registry.npmjs.org/define-data-property 131ms (cache revalidated)
204 silly placeDep ROOT has-proto@1.0.3 OK for: get-intrinsic@1.2.4 want: ^1.0.1
205 silly placeDep ROOT has-symbols@1.0.3 OK for: get-intrinsic@1.2.4 want: ^1.0.3
206 silly placeDep ROOT hasown@2.0.2 OK for: get-intrinsic@1.2.4 want: ^2.0.0
207 silly placeDep ROOT define-data-property@1.1.4 OK for: set-function-length@1.2.2 want: ^1.1.4
208 silly placeDep ROOT gopd@1.0.1 OK for: set-function-length@1.2.2 want: ^1.0.1
209 silly placeDep ROOT has-property-descriptors@1.0.2 OK for: set-function-length@1.2.2 want: ^1.0.2
210 silly placeDep ROOT media-typer@0.3.0 OK for: type-is@1.6.18 want: 0.3.0
211 silly audit bulk request {
211 silly audit   backend_nodejs: [ '1.0.0' ],
211 silly audit   express: [ '4.19.2' ],
211 silly audit   accepts: [ '1.3.8' ],
211 silly audit   'array-flatten': [ '1.1.1' ],
211 silly audit   'body-parser': [ '1.20.2' ],
211 silly audit   'content-disposition': [ '0.5.4' ],
211 silly audit   'content-type': [ '1.0.5' ],
211 silly audit   cookie: [ '0.6.0' ],
211 silly audit   'cookie-signature': [ '1.0.6' ],
211 silly audit   debug: [ '2.6.9' ],
211 silly audit   depd: [ '2.0.0' ],
211 silly audit   encodeurl: [ '1.0.2' ],
211 silly audit   'escape-html': [ '1.0.3' ],
211 silly audit   etag: [ '1.8.1' ],
211 silly audit   finalhandler: [ '1.2.0' ],
211 silly audit   fresh: [ '0.5.2' ],
211 silly audit   'http-errors': [ '2.0.0' ],
211 silly audit   'merge-descriptors': [ '1.0.1' ],
211 silly audit   methods: [ '1.1.2' ],
211 silly audit   'on-finished': [ '2.4.1' ],
211 silly audit   parseurl: [ '1.3.3' ],
211 silly audit   'path-to-regexp': [ '0.1.7' ],
211 silly audit   'proxy-addr': [ '2.0.7' ],
211 silly audit   qs: [ '6.11.0' ],
211 silly audit   'range-parser': [ '1.2.1' ],
211 silly audit   'safe-buffer': [ '5.2.1' ],
211 silly audit   send: [ '0.18.0' ],
211 silly audit   'serve-static': [ '1.15.0' ],
211 silly audit   setprototypeof: [ '1.2.0' ],
211 silly audit   statuses: [ '2.0.1' ],
211 silly audit   'type-is': [ '1.6.18' ],
211 silly audit   'utils-merge': [ '1.0.1' ],
211 silly audit   vary: [ '1.1.2' ],
211 silly audit   'mime-types': [ '2.1.35' ],
211 silly audit   negotiator: [ '0.6.3' ],
211 silly audit   bytes: [ '3.1.2' ],
211 silly audit   destroy: [ '1.2.0' ],
211 silly audit   'iconv-lite': [ '0.4.24' ],
211 silly audit   'raw-body': [ '2.5.2' ],
211 silly audit   unpipe: [ '1.0.0' ],
211 silly audit   ms: [ '2.0.0', '2.1.3' ],
211 silly audit   inherits: [ '2.0.4' ],
211 silly audit   toidentifier: [ '1.0.1' ],
211 silly audit   'safer-buffer': [ '2.1.2' ],
211 silly audit   'mime-db': [ '1.52.0' ],
211 silly audit   'ee-first': [ '1.1.1' ],
211 silly audit   forwarded: [ '0.2.0' ],
211 silly audit   'ipaddr.js': [ '1.9.1' ],
211 silly audit   'side-channel': [ '1.0.6' ],
211 silly audit   mime: [ '1.6.0' ],
211 silly audit   'call-bind': [ '1.0.7' ],
211 silly audit   'es-errors': [ '1.3.0' ],
211 silly audit   'get-intrinsic': [ '1.2.4' ],
211 silly audit   'object-inspect': [ '1.13.1' ],
211 silly audit   'es-define-property': [ '1.0.0' ],
211 silly audit   'function-bind': [ '1.1.2' ],
211 silly audit   'set-function-length': [ '1.2.2' ],
211 silly audit   'has-proto': [ '1.0.3' ],
211 silly audit   'has-symbols': [ '1.0.3' ],
211 silly audit   hasown: [ '2.0.2' ],
211 silly audit   'define-data-property': [ '1.1.4' ],
211 silly audit   gopd: [ '1.0.1' ],
211 silly audit   'has-property-descriptors': [ '1.0.2' ],
211 silly audit   'media-typer': [ '0.3.0' ]
211 silly audit }
212 http fetch POST 200 https://registry.npmjs.org/-/npm/v1/security/advisories/bulk 183ms
213 silly audit report {}
214 verbose exit 0
215 info ok
