0 verbose cli C:\Program Files\nodejs\node.exe C:\Users\andro\AppData\Roaming\npm\node_modules\npm\bin\npm-cli.js
1 info using npm@10.7.0
2 info using node@v20.12.2
3 silly config:load:file:C:\Users\andro\AppData\Roaming\npm\node_modules\npm\npmrc
4 silly config:load:file:C:\Users\andro\Documents\BACKEND_NODEJS\.npmrc
5 silly config:load:file:C:\Users\andro\.npmrc
6 silly config:load:file:C:\Users\andro\AppData\Roaming\npm\etc\npmrc
7 verbose title npm install mocha
8 verbose argv "install" "mocha"
9 verbose logfile logs-max:10 dir:C:\Users\andro\Documents\BACKEND_NODEJS\npm-cache\_logs\2024-06-06T06_34_55_889Z-
10 verbose logfile C:\Users\andro\Documents\BACKEND_NODEJS\npm-cache\_logs\2024-06-06T06_34_55_889Z-debug-0.log
11 silly logfile start cleaning logs, removing 2 files
12 silly logfile done cleaning log files
13 silly idealTree buildDeps
14 silly fetch manifest mocha@*
15 http fetch GET 200 https://registry.npmjs.org/mocha 38ms (cache hit)
16 silly placeDep ROOT mocha@10.4.0 OK for: backend_nodejs@1.0.0 want: *
17 silly fetch manifest ansi-colors@4.1.1
18 silly fetch manifest browser-stdout@1.3.1
19 silly fetch manifest chokidar@3.5.3
20 silly fetch manifest debug@4.3.4
21 silly fetch manifest diff@5.0.0
22 silly fetch manifest escape-string-regexp@4.0.0
23 silly fetch manifest find-up@5.0.0
24 silly fetch manifest glob@8.1.0
25 silly fetch manifest he@1.2.0
26 silly fetch manifest js-yaml@4.1.0
27 silly fetch manifest log-symbols@4.1.0
28 silly fetch manifest minimatch@5.0.1
29 silly fetch manifest ms@2.1.3
30 silly fetch manifest serialize-javascript@6.0.0
31 silly fetch manifest strip-json-comments@3.1.1
32 http fetch GET 200 https://registry.npmjs.org/chokidar 29ms (cache hit)
33 silly fetch manifest supports-color@8.1.1
34 http fetch GET 200 https://registry.npmjs.org/browser-stdout 33ms (cache hit)
35 silly fetch manifest workerpool@6.2.1
36 http fetch GET 200 https://registry.npmjs.org/escape-string-regexp 33ms (cache hit)
37 silly fetch manifest yargs@16.2.0
38 http fetch GET 200 https://registry.npmjs.org/ansi-colors 35ms (cache hit)
39 silly fetch manifest yargs-parser@20.2.4
40 http fetch GET 200 https://registry.npmjs.org/diff 36ms (cache hit)
41 silly fetch manifest yargs-unparser@2.0.0
42 http fetch GET 200 https://registry.npmjs.org/find-up 36ms (cache hit)
43 http fetch GET 200 https://registry.npmjs.org/js-yaml 36ms (cache hit)
44 http fetch GET 200 https://registry.npmjs.org/debug 40ms (cache hit)
45 http fetch GET 200 https://registry.npmjs.org/glob 43ms (cache hit)
46 http fetch GET 200 https://registry.npmjs.org/serialize-javascript 42ms (cache hit)
47 http fetch GET 200 https://registry.npmjs.org/minimatch 44ms (cache hit)
48 http fetch GET 200 https://registry.npmjs.org/he 50ms (cache hit)
49 http fetch GET 200 https://registry.npmjs.org/log-symbols 48ms (cache hit)
50 http fetch GET 200 https://registry.npmjs.org/strip-json-comments 48ms (cache hit)
51 http fetch GET 200 https://registry.npmjs.org/ms 49ms (cache hit)
52 http fetch GET 200 https://registry.npmjs.org/supports-color 29ms (cache hit)
53 http fetch GET 200 https://registry.npmjs.org/yargs-parser 27ms (cache hit)
54 http fetch GET 200 https://registry.npmjs.org/yargs 31ms (cache hit)
55 http fetch GET 200 https://registry.npmjs.org/yargs-unparser 35ms (cache hit)
56 http fetch GET 200 https://registry.npmjs.org/workerpool 40ms (cache hit)
57 silly placeDep ROOT ansi-colors@4.1.1 OK for: mocha@10.4.0 want: 4.1.1
58 silly placeDep ROOT browser-stdout@1.3.1 OK for: mocha@10.4.0 want: 1.3.1
59 silly placeDep ROOT chokidar@3.5.3 OK for: mocha@10.4.0 want: 3.5.3
60 silly placeDep node_modules/mocha debug@4.3.4 OK for: mocha@10.4.0 want: 4.3.4
61 silly placeDep ROOT diff@5.0.0 OK for: mocha@10.4.0 want: 5.0.0
62 silly placeDep ROOT escape-string-regexp@4.0.0 OK for: mocha@10.4.0 want: 4.0.0
63 silly placeDep ROOT find-up@5.0.0 OK for: mocha@10.4.0 want: 5.0.0
64 silly placeDep ROOT glob@8.1.0 OK for: mocha@10.4.0 want: 8.1.0
65 silly placeDep ROOT he@1.2.0 OK for: mocha@10.4.0 want: 1.2.0
66 silly placeDep ROOT js-yaml@4.1.0 OK for: mocha@10.4.0 want: 4.1.0
67 silly placeDep ROOT log-symbols@4.1.0 OK for: mocha@10.4.0 want: 4.1.0
68 silly placeDep ROOT minimatch@5.0.1 OK for: mocha@10.4.0 want: 5.0.1
69 silly placeDep node_modules/mocha ms@2.1.3 OK for: mocha@10.4.0 want: 2.1.3
70 silly placeDep ROOT serialize-javascript@6.0.0 OK for: mocha@10.4.0 want: 6.0.0
71 silly placeDep ROOT strip-json-comments@3.1.1 OK for: mocha@10.4.0 want: 3.1.1
72 silly placeDep ROOT supports-color@8.1.1 OK for: mocha@10.4.0 want: 8.1.1
73 silly placeDep ROOT workerpool@6.2.1 OK for: mocha@10.4.0 want: 6.2.1
74 silly placeDep ROOT yargs@16.2.0 OK for: mocha@10.4.0 want: 16.2.0
75 silly placeDep ROOT yargs-parser@20.2.4 OK for: mocha@10.4.0 want: 20.2.4
76 silly placeDep ROOT yargs-unparser@2.0.0 OK for: mocha@10.4.0 want: 2.0.0
77 silly fetch manifest anymatch@~3.1.2
78 silly fetch manifest braces@~3.0.2
79 silly fetch manifest glob-parent@~5.1.2
80 silly fetch manifest is-binary-path@~2.1.0
81 silly fetch manifest is-glob@~4.0.1
82 silly fetch manifest normalize-path@~3.0.0
83 silly fetch manifest readdirp@~3.6.0
84 silly fetch manifest fsevents@~2.3.2
85 silly fetch manifest ms@2.1.2
86 silly fetch manifest locate-path@^6.0.0
87 silly fetch manifest path-exists@^4.0.0
88 silly fetch manifest fs.realpath@^1.0.0
89 silly fetch manifest inflight@^1.0.4
90 silly fetch manifest minimatch@^5.0.1
91 silly fetch manifest argparse@^2.0.1
92 silly fetch manifest chalk@^4.1.0
93 silly fetch manifest is-unicode-supported@^0.1.0
94 http fetch GET 200 https://registry.npmjs.org/glob-parent 27ms (cache hit)
95 silly fetch manifest brace-expansion@^2.0.1
96 http fetch GET 200 https://registry.npmjs.org/anymatch 31ms (cache hit)
97 silly fetch manifest randombytes@^2.1.0
98 http fetch GET 200 https://registry.npmjs.org/is-binary-path 30ms (cache hit)
99 silly fetch manifest has-flag@^4.0.0
100 http fetch GET 200 https://registry.npmjs.org/braces 33ms (cache hit)
101 silly fetch manifest cliui@^7.0.2
102 http fetch GET 200 https://registry.npmjs.org/locate-path 30ms (cache hit)
103 silly fetch manifest escalade@^3.1.1
104 http fetch GET 200 https://registry.npmjs.org/normalize-path 33ms (cache hit)
105 silly fetch manifest get-caller-file@^2.0.5
106 http fetch GET 200 https://registry.npmjs.org/readdirp 34ms (cache hit)
107 silly fetch manifest require-directory@^2.1.1
108 http fetch GET 200 https://registry.npmjs.org/fsevents 35ms (cache hit)
109 silly fetch manifest string-width@^4.2.0
110 http fetch GET 200 https://registry.npmjs.org/is-glob 40ms (cache hit)
111 silly fetch manifest y18n@^5.0.5
112 http fetch GET 200 https://registry.npmjs.org/inflight 37ms (cache hit)
113 silly fetch manifest yargs-parser@^20.2.2
114 silly fetch manifest camelcase@^6.0.0
115 http fetch GET 200 https://registry.npmjs.org/fs.realpath 40ms (cache hit)
116 silly fetch manifest decamelize@^4.0.0
117 http fetch GET 200 https://registry.npmjs.org/argparse 42ms (cache hit)
118 silly fetch manifest flat@^5.0.2
119 http fetch GET 200 https://registry.npmjs.org/is-unicode-supported 39ms (cache hit)
120 silly fetch manifest is-plain-obj@^2.1.0
121 http fetch GET 200 https://registry.npmjs.org/path-exists 46ms (cache hit)
122 http fetch GET 200 https://registry.npmjs.org/chalk 41ms (cache hit)
123 http fetch GET 200 https://registry.npmjs.org/has-flag 37ms (cache hit)
124 http fetch GET 200 https://registry.npmjs.org/brace-expansion 40ms (cache hit)
125 http fetch GET 200 https://registry.npmjs.org/randombytes 40ms (cache hit)
126 http fetch GET 200 https://registry.npmjs.org/cliui 37ms (cache hit)
127 http fetch GET 200 https://registry.npmjs.org/require-directory 33ms (cache hit)
128 http fetch GET 200 https://registry.npmjs.org/escalade 38ms (cache hit)
129 http fetch GET 200 https://registry.npmjs.org/get-caller-file 38ms (cache hit)
130 http fetch GET 200 https://registry.npmjs.org/string-width 33ms (cache hit)
131 http fetch GET 200 https://registry.npmjs.org/y18n 32ms (cache hit)
132 http fetch GET 200 https://registry.npmjs.org/camelcase 31ms (cache hit)
133 http fetch GET 200 https://registry.npmjs.org/decamelize 32ms (cache hit)
134 http fetch GET 200 https://registry.npmjs.org/flat 29ms (cache hit)
135 http fetch GET 200 https://registry.npmjs.org/is-plain-obj 29ms (cache hit)
136 silly placeDep ROOT anymatch@3.1.3 OK for: chokidar@3.5.3 want: ~3.1.2
137 silly placeDep ROOT braces@3.0.3 OK for: chokidar@3.5.3 want: ~3.0.2
138 silly placeDep ROOT fsevents@2.3.3 OK for: chokidar@3.5.3 want: ~2.3.2
139 silly placeDep ROOT glob-parent@5.1.2 OK for: chokidar@3.5.3 want: ~5.1.2
140 silly placeDep ROOT is-binary-path@2.1.0 OK for: chokidar@3.5.3 want: ~2.1.0
141 silly placeDep ROOT is-glob@4.0.3 OK for: chokidar@3.5.3 want: ~4.0.1
142 silly placeDep ROOT normalize-path@3.0.0 OK for: chokidar@3.5.3 want: ~3.0.0
143 silly placeDep ROOT readdirp@3.6.0 OK for: chokidar@3.5.3 want: ~3.6.0
144 silly fetch manifest normalize-path@^3.0.0
145 silly fetch manifest picomatch@^2.0.4
146 silly fetch manifest fill-range@^7.1.1
147 silly fetch manifest is-glob@^4.0.1
148 silly fetch manifest binary-extensions@^2.0.0
149 silly fetch manifest is-extglob@^2.1.1
150 silly fetch manifest picomatch@^2.2.1
151 http fetch GET 200 https://registry.npmjs.org/binary-extensions 8ms (cache hit)
152 http fetch GET 200 https://registry.npmjs.org/picomatch 10ms (cache hit)
153 http fetch GET 200 https://registry.npmjs.org/fill-range 11ms (cache hit)
154 http fetch GET 200 https://registry.npmjs.org/is-extglob 13ms (cache hit)
155 http fetch GET 200 https://registry.npmjs.org/picomatch 13ms (cache hit)
156 silly placeDep ROOT picomatch@2.3.1 OK for: anymatch@3.1.3 want: ^2.0.4
157 silly placeDep ROOT fill-range@7.1.1 OK for: braces@3.0.3 want: ^7.1.1
158 silly fetch manifest to-regex-range@^5.0.1
159 http fetch GET 200 https://registry.npmjs.org/to-regex-range 2ms (cache hit)
160 silly placeDep ROOT to-regex-range@5.0.1 OK for: fill-range@7.1.1 want: ^5.0.1
161 silly fetch manifest is-number@^7.0.0
162 http fetch GET 200 https://registry.npmjs.org/is-number 3ms (cache hit)
163 silly placeDep ROOT locate-path@6.0.0 OK for: find-up@5.0.0 want: ^6.0.0
164 silly placeDep ROOT path-exists@4.0.0 OK for: find-up@5.0.0 want: ^4.0.0
165 silly fetch manifest p-locate@^5.0.0
166 http fetch GET 200 https://registry.npmjs.org/p-locate 3ms (cache hit)
167 silly placeDep ROOT fs.realpath@1.0.0 OK for: glob@8.1.0 want: ^1.0.0
168 silly placeDep ROOT inflight@1.0.6 OK for: glob@8.1.0 want: ^1.0.4
169 silly placeDep ROOT binary-extensions@2.3.0 OK for: is-binary-path@2.1.0 want: ^2.0.0
170 silly placeDep ROOT is-extglob@2.1.1 OK for: is-glob@4.0.3 want: ^2.1.1
171 silly placeDep ROOT argparse@2.0.1 OK for: js-yaml@4.1.0 want: ^2.0.1
172 silly placeDep ROOT p-locate@5.0.0 OK for: locate-path@6.0.0 want: ^5.0.0
173 silly fetch manifest p-limit@^3.0.2
174 http fetch GET 200 https://registry.npmjs.org/p-limit 4ms (cache hit)
175 silly placeDep ROOT chalk@4.1.2 OK for: log-symbols@4.1.0 want: ^4.1.0
176 silly placeDep ROOT is-unicode-supported@0.1.0 OK for: log-symbols@4.1.0 want: ^0.1.0
177 silly fetch manifest ansi-styles@^4.1.0
178 silly fetch manifest supports-color@^7.1.0
179 http fetch GET 200 https://registry.npmjs.org/ansi-styles 6ms (cache hit)
180 silly placeDep ROOT ansi-styles@4.3.0 OK for: chalk@4.1.2 want: ^4.1.0
181 silly placeDep node_modules/chalk supports-color@7.2.0 OK for: chalk@4.1.2 want: ^7.1.0
182 silly fetch manifest color-convert@^2.0.1
183 http fetch GET 200 https://registry.npmjs.org/color-convert 3ms (cache hit)
184 silly placeDep ROOT color-convert@2.0.1 OK for: ansi-styles@4.3.0 want: ^2.0.1
185 silly fetch manifest color-name@~1.1.4
186 http fetch GET 200 https://registry.npmjs.org/color-name 2ms (cache hit)
187 silly placeDep ROOT color-name@1.1.4 OK for: color-convert@2.0.1 want: ~1.1.4
188 silly placeDep ROOT brace-expansion@2.0.1 OK for: minimatch@5.0.1 want: ^2.0.1
189 silly fetch manifest balanced-match@^1.0.0
190 http fetch GET 200 https://registry.npmjs.org/balanced-match 459ms (cache miss)
191 silly placeDep ROOT balanced-match@1.0.2 OK for: brace-expansion@2.0.1 want: ^1.0.0
192 silly placeDep ROOT p-limit@3.1.0 OK for: p-locate@5.0.0 want: ^3.0.2
193 silly fetch manifest yocto-queue@^0.1.0
194 http fetch GET 200 https://registry.npmjs.org/yocto-queue 128ms (cache miss)
195 silly placeDep ROOT yocto-queue@0.1.0 OK for: p-limit@3.1.0 want: ^0.1.0
196 silly placeDep ROOT randombytes@2.1.0 OK for: serialize-javascript@6.0.0 want: ^2.1.0
197 silly placeDep ROOT has-flag@4.0.0 OK for: supports-color@8.1.1 want: ^4.0.0
198 silly placeDep ROOT is-number@7.0.0 OK for: to-regex-range@5.0.1 want: ^7.0.0
199 silly placeDep ROOT cliui@7.0.4 OK for: yargs@16.2.0 want: ^7.0.2
200 silly placeDep ROOT escalade@3.1.2 OK for: yargs@16.2.0 want: ^3.1.1
201 silly placeDep ROOT get-caller-file@2.0.5 OK for: yargs@16.2.0 want: ^2.0.5
202 silly placeDep ROOT require-directory@2.1.1 OK for: yargs@16.2.0 want: ^2.1.1
203 silly placeDep ROOT string-width@4.2.3 OK for: yargs@16.2.0 want: ^4.2.0
204 silly placeDep ROOT y18n@5.0.8 OK for: yargs@16.2.0 want: ^5.0.5
205 silly fetch manifest strip-ansi@^6.0.0
206 silly fetch manifest wrap-ansi@^7.0.0
207 silly fetch manifest emoji-regex@^8.0.0
208 silly fetch manifest is-fullwidth-code-point@^3.0.0
209 silly fetch manifest strip-ansi@^6.0.1
210 http fetch GET 200 https://registry.npmjs.org/strip-ansi 145ms (cache miss)
211 http fetch GET 200 https://registry.npmjs.org/is-fullwidth-code-point 302ms (cache miss)
212 http fetch GET 200 https://registry.npmjs.org/strip-ansi 408ms (cache miss)
213 http fetch GET 200 https://registry.npmjs.org/emoji-regex 421ms (cache miss)
214 http fetch GET 200 https://registry.npmjs.org/wrap-ansi 476ms (cache miss)
215 silly placeDep ROOT strip-ansi@6.0.1 OK for: cliui@7.0.4 want: ^6.0.0
216 silly placeDep ROOT wrap-ansi@7.0.0 OK for: cliui@7.0.4 want: ^7.0.0
217 silly fetch manifest ansi-regex@^5.0.1
