0 verbose cli C:\Program Files\nodejs\node.exe C:\Users\andro\AppData\Roaming\npm\node_modules\npm\bin\npm-cli.js
1 info using npm@10.7.0
2 info using node@v20.12.2
3 silly config:load:file:C:\Users\andro\AppData\Roaming\npm\node_modules\npm\npmrc
4 silly config:load:file:C:\Users\andro\Documents\BACKEND_NODEJS\.npmrc
5 silly config:load:file:C:\Users\andro\.npmrc
6 silly config:load:file:C:\Users\andro\AppData\Roaming\npm\etc\npmrc
7 verbose title npm install cors
8 verbose argv "install" "cors" "--save"
9 verbose logfile logs-max:10 dir:C:\Users\andro\Documents\BACKEND_NODEJS\npm-cache\_logs\2024-06-05T03_53_42_539Z-
10 verbose logfile C:\Users\andro\Documents\BACKEND_NODEJS\npm-cache\_logs\2024-06-05T03_53_42_539Z-debug-0.log
11 silly logfile start cleaning logs, removing 2 files
12 silly idealTree buildDeps
13 silly fetch manifest cors@*
14 silly logfile done cleaning log files
15 http fetch GET 200 https://registry.npmjs.org/cors 524ms (cache miss)
16 silly placeDep ROOT cors@2.8.5 OK for: backend_nodejs@1.0.0 want: *
17 silly fetch manifest object-assign@^4
18 http fetch GET 200 https://registry.npmjs.org/object-assign 236ms (cache miss)
19 silly placeDep ROOT object-assign@4.1.1 OK for: cors@2.8.5 want: ^4
20 silly reify moves {}
21 silly audit bulk request {
21 silly audit   accepts: [ '1.3.8' ],
21 silly audit   'array-flatten': [ '1.1.1' ],
21 silly audit   'body-parser': [ '1.20.2' ],
21 silly audit   bytes: [ '3.1.2' ],
21 silly audit   'call-bind': [ '1.0.7' ],
21 silly audit   'content-disposition': [ '0.5.4' ],
21 silly audit   'content-type': [ '1.0.5' ],
21 silly audit   cookie: [ '0.6.0' ],
21 silly audit   'cookie-signature': [ '1.0.6' ],
21 silly audit   debug: [ '2.6.9' ],
21 silly audit   'define-data-property': [ '1.1.4' ],
21 silly audit   depd: [ '2.0.0' ],
21 silly audit   destroy: [ '1.2.0' ],
21 silly audit   'ee-first': [ '1.1.1' ],
21 silly audit   encodeurl: [ '1.0.2' ],
21 silly audit   'es-define-property': [ '1.0.0' ],
21 silly audit   'es-errors': [ '1.3.0' ],
21 silly audit   'escape-html': [ '1.0.3' ],
21 silly audit   etag: [ '1.8.1' ],
21 silly audit   express: [ '4.19.2' ],
21 silly audit   finalhandler: [ '1.2.0' ],
21 silly audit   forwarded: [ '0.2.0' ],
21 silly audit   fresh: [ '0.5.2' ],
21 silly audit   'function-bind': [ '1.1.2' ],
21 silly audit   'get-intrinsic': [ '1.2.4' ],
21 silly audit   gopd: [ '1.0.1' ],
21 silly audit   'has-property-descriptors': [ '1.0.2' ],
21 silly audit   'has-proto': [ '1.0.3' ],
21 silly audit   'has-symbols': [ '1.0.3' ],
21 silly audit   hasown: [ '2.0.2' ],
21 silly audit   'http-errors': [ '2.0.0' ],
21 silly audit   'iconv-lite': [ '0.4.24' ],
21 silly audit   inherits: [ '2.0.4' ],
21 silly audit   'ipaddr.js': [ '1.9.1' ],
21 silly audit   'media-typer': [ '0.3.0' ],
21 silly audit   'merge-descriptors': [ '1.0.1' ],
21 silly audit   methods: [ '1.1.2' ],
21 silly audit   mime: [ '1.6.0' ],
21 silly audit   'mime-db': [ '1.52.0' ],
21 silly audit   'mime-types': [ '2.1.35' ],
21 silly audit   ms: [ '2.0.0', '2.1.3' ],
21 silly audit   negotiator: [ '0.6.3' ],
21 silly audit   'object-inspect': [ '1.13.1' ],
21 silly audit   'on-finished': [ '2.4.1' ],
21 silly audit   parseurl: [ '1.3.3' ],
21 silly audit   'path-to-regexp': [ '0.1.7' ],
21 silly audit   'proxy-addr': [ '2.0.7' ],
21 silly audit   qs: [ '6.11.0' ],
21 silly audit   'range-parser': [ '1.2.1' ],
21 silly audit   'raw-body': [ '2.5.2' ],
21 silly audit   'safe-buffer': [ '5.2.1' ],
21 silly audit   'safer-buffer': [ '2.1.2' ],
21 silly audit   send: [ '0.18.0' ],
21 silly audit   'serve-static': [ '1.15.0' ],
21 silly audit   'set-function-length': [ '1.2.2' ],
21 silly audit   setprototypeof: [ '1.2.0' ],
21 silly audit   'side-channel': [ '1.0.6' ],
21 silly audit   statuses: [ '2.0.1' ],
21 silly audit   toidentifier: [ '1.0.1' ],
21 silly audit   'type-is': [ '1.6.18' ],
21 silly audit   unpipe: [ '1.0.0' ],
21 silly audit   'utils-merge': [ '1.0.1' ],
21 silly audit   vary: [ '1.1.2' ],
21 silly audit   cors: [ '2.8.5' ],
21 silly audit   'object-assign': [ '4.1.1' ]
21 silly audit }
22 silly tarball no local data for object-assign@https://registry.npmjs.org/object-assign/-/object-assign-4.1.1.tgz. Extracting by manifest.
23 silly tarball no local data for cors@https://registry.npmjs.org/cors/-/cors-2.8.5.tgz. Extracting by manifest.
24 http fetch POST 200 https://registry.npmjs.org/-/npm/v1/security/advisories/bulk 199ms
25 silly audit report {}
26 http fetch GET 200 https://registry.npmjs.org/object-assign/-/object-assign-4.1.1.tgz 454ms (cache miss)
27 http fetch GET 200 https://registry.npmjs.org/cors/-/cors-2.8.5.tgz 457ms (cache miss)
28 silly ADD node_modules/object-assign
29 silly ADD node_modules/cors
30 verbose exit 0
31 info ok
